[ 2013-05-01T12:09:49+08:00 ] 127.0.0.1 /admin.php/Public/login
INFO: [ route_check ] --START--
INFO: Run CheckRoute Behavior [ RunTime:0.000638s ]
INFO: [ route_check ] --END-- [ RunTime:0.000707s ]
INFO: [ app_begin ] --START--
INFO: Run ReadHtmlCache Behavior [ RunTime:0.000413s ]
INFO: [ app_begin ] --END-- [ RunTime:0.000461s ]
SQL: SHOW COLUMNS FROM `think_config` [ RunTime:0.001642s ]
SQL: SELECT * FROM `think_config`  [ RunTime:0.000287s ]
INFO: [ view_template ] --START--
INFO: Run LocationTemplate Behavior [ RunTime:0.001016s ]
INFO: [ view_template ] --END-- [ RunTime:0.001104s ]
INFO: [ view_parse ] --START--
NOTIC: [8] Undefined offset: 1 D:\wamp\www\crewexam\ThinkPHP\Lib\Driver\TagLib\TagLibCx.class.php 第 524 行.
NOTIC: [8] Undefined offset: 1 D:\wamp\www\crewexam\ThinkPHP\Lib\Driver\TagLib\TagLibCx.class.php 第 524 行.
INFO: Run ParseTemplate Behavior [ RunTime:0.008073s ]
INFO: [ view_parse ] --END-- [ RunTime:0.008131s ]
INFO: [ view_filter ] --START--
INFO: Run ContentReplace Behavior [ RunTime:0.000385s ]
INFO: Run TokenBuild Behavior [ RunTime:0.000517s ]
INFO: Run WriteHtmlCache Behavior [ RunTime:0.000274s ]
INFO: Run ShowRuntime Behavior [ RunTime:0.000444s ]
INFO: [ view_filter ] --END-- [ RunTime:0.001759s ]
INFO: [ view_end ] --START--
INFO: Run ShowPageTrace Behavior [ RunTime:0.000533s ]
INFO: [ view_end ] --END-- [ RunTime:0.000580s ]

[ 2013-05-01T12:09:50+08:00 ] 127.0.0.1 /admin.php/Public/verify/
INFO: [ route_check ] --START--
INFO: Run CheckRoute Behavior [ RunTime:0.000844s ]
INFO: [ route_check ] --END-- [ RunTime:0.000927s ]
INFO: [ app_begin ] --START--
INFO: Run ReadHtmlCache Behavior [ RunTime:0.000554s ]
INFO: [ app_begin ] --END-- [ RunTime:0.000617s ]

[ 2013-05-01T12:10:18+08:00 ] 127.0.0.1 /admin.php/Public/verify/?0.9826578273670212
INFO: [ route_check ] --START--
INFO: Run CheckRoute Behavior [ RunTime:0.000800s ]
INFO: [ route_check ] --END-- [ RunTime:0.000871s ]
INFO: [ app_begin ] --START--
INFO: Run ReadHtmlCache Behavior [ RunTime:0.000481s ]
INFO: [ app_begin ] --END-- [ RunTime:0.000532s ]

[ 2013-05-01T12:10:23+08:00 ] 127.0.0.1 /admin.php/Public/checkLogin
INFO: [ route_check ] --START--
INFO: Run CheckRoute Behavior [ RunTime:0.000676s ]
INFO: [ route_check ] --END-- [ RunTime:0.000785s ]
INFO: [ app_begin ] --START--
INFO: Run ReadHtmlCache Behavior [ RunTime:0.000458s ]
INFO: [ app_begin ] --END-- [ RunTime:0.000516s ]
SQL: SHOW COLUMNS FROM `think_user` [ RunTime:0.001963s ]
SQL: SELECT * FROM `think_user` WHERE ( `account` = 'admin' ) AND ( `status` > 0 ) LIMIT 1   [ RunTime:0.000332s ]
SQL: UPDATE `think_user` SET `last_login_time`=1367381423,`login_count`=login_count+1,`last_login_ip`='127.0.0.1' WHERE ( `id` = 1 ) [ RunTime:0.000229s ]
INFO: [ view_template ] --START--
INFO: Run LocationTemplate Behavior [ RunTime:0.001033s ]
INFO: [ view_template ] --END-- [ RunTime:0.001103s ]
INFO: [ view_parse ] --START--
INFO: Run ParseTemplate Behavior [ RunTime:0.007512s ]
INFO: [ view_parse ] --END-- [ RunTime:0.007612s ]
INFO: [ view_filter ] --START--
INFO: Run ContentReplace Behavior [ RunTime:0.000374s ]
INFO: Run TokenBuild Behavior [ RunTime:0.000355s ]
INFO: Run WriteHtmlCache Behavior [ RunTime:0.000250s ]
INFO: Run ShowRuntime Behavior [ RunTime:0.000423s ]
INFO: [ view_filter ] --END-- [ RunTime:0.001536s ]
INFO: [ view_end ] --START--
INFO: Run ShowPageTrace Behavior [ RunTime:0.000503s ]
INFO: [ view_end ] --END-- [ RunTime:0.000549s ]

[ 2013-05-01T12:10:25+08:00 ] 127.0.0.1 /admin.php/Index/index
INFO: [ route_check ] --START--
INFO: Run CheckRoute Behavior [ RunTime:0.000856s ]
INFO: [ route_check ] --END-- [ RunTime:0.000941s ]
INFO: [ app_begin ] --START--
INFO: Run ReadHtmlCache Behavior [ RunTime:0.000553s ]
INFO: [ app_begin ] --END-- [ RunTime:0.000615s ]
INFO: [ view_template ] --START--
INFO: Run LocationTemplate Behavior [ RunTime:0.000678s ]
INFO: [ view_template ] --END-- [ RunTime:0.000773s ]
INFO: [ view_parse ] --START--
NOTIC: [8] Undefined offset: 1 D:\wamp\www\crewexam\ThinkPHP\Lib\Driver\TagLib\TagLibCx.class.php 第 524 行.
NOTIC: [8] Undefined offset: 1 D:\wamp\www\crewexam\ThinkPHP\Lib\Driver\TagLib\TagLibCx.class.php 第 524 行.
INFO: Run ParseTemplate Behavior [ RunTime:0.006159s ]
INFO: [ view_parse ] --END-- [ RunTime:0.006220s ]
INFO: [ view_filter ] --START--
INFO: Run ContentReplace Behavior [ RunTime:0.000353s ]
INFO: Run TokenBuild Behavior [ RunTime:0.000336s ]
INFO: Run WriteHtmlCache Behavior [ RunTime:0.000238s ]
INFO: Run ShowRuntime Behavior [ RunTime:0.000409s ]
INFO: [ view_filter ] --END-- [ RunTime:0.001469s ]
INFO: [ view_end ] --START--
INFO: Run ShowPageTrace Behavior [ RunTime:0.000509s ]
INFO: [ view_end ] --END-- [ RunTime:0.000555s ]

[ 2013-05-01T12:10:25+08:00 ] 127.0.0.1 /admin.php/Index/main
INFO: [ route_check ] --START--
INFO: Run CheckRoute Behavior [ RunTime:0.000662s ]
INFO: [ route_check ] --END-- [ RunTime:0.000751s ]
INFO: [ app_begin ] --START--
INFO: Run ReadHtmlCache Behavior [ RunTime:0.000454s ]
INFO: [ app_begin ] --END-- [ RunTime:0.000511s ]
INFO: [ view_template ] --START--
INFO: Run LocationTemplate Behavior [ RunTime:0.000457s ]
INFO: [ view_template ] --END-- [ RunTime:0.000538s ]
INFO: [ view_parse ] --START--
INFO: Run ParseTemplate Behavior [ RunTime:0.005372s ]
INFO: [ view_parse ] --END-- [ RunTime:0.005447s ]
INFO: [ view_filter ] --START--
INFO: Run ContentReplace Behavior [ RunTime:0.000302s ]
INFO: Run TokenBuild Behavior [ RunTime:0.001251s ]
INFO: Run WriteHtmlCache Behavior [ RunTime:0.000349s ]
INFO: Run ShowRuntime Behavior [ RunTime:0.000382s ]
INFO: [ view_filter ] --END-- [ RunTime:0.002560s ]
INFO: [ view_end ] --START--
INFO: Run ShowPageTrace Behavior [ RunTime:0.000495s ]
INFO: [ view_end ] --END-- [ RunTime:0.000545s ]

[ 2013-05-01T12:10:25+08:00 ] 127.0.0.1 /admin.php/Index/admin_menu
INFO: [ route_check ] --START--
INFO: Run CheckRoute Behavior [ RunTime:0.000689s ]
INFO: [ route_check ] --END-- [ RunTime:0.000781s ]
INFO: [ app_begin ] --START--
INFO: Run ReadHtmlCache Behavior [ RunTime:0.000471s ]
INFO: [ app_begin ] --END-- [ RunTime:0.000525s ]
INFO: [ view_template ] --START--
INFO: Run LocationTemplate Behavior [ RunTime:0.000375s ]
INFO: [ view_template ] --END-- [ RunTime:0.000449s ]
INFO: [ view_parse ] --START--
INFO: Run ParseTemplate Behavior [ RunTime:0.007367s ]
INFO: [ view_parse ] --END-- [ RunTime:0.007438s ]
INFO: [ view_filter ] --START--
INFO: Run ContentReplace Behavior [ RunTime:0.000342s ]
INFO: Run TokenBuild Behavior [ RunTime:0.000329s ]
INFO: Run WriteHtmlCache Behavior [ RunTime:0.000204s ]
INFO: Run ShowRuntime Behavior [ RunTime:0.000369s ]
INFO: [ view_filter ] --END-- [ RunTime:0.001387s ]
INFO: [ view_end ] --START--
INFO: Run ShowPageTrace Behavior [ RunTime:0.000486s ]
INFO: [ view_end ] --END-- [ RunTime:0.000533s ]

[ 2013-05-01T12:10:25+08:00 ] 127.0.0.1 /admin.php/Index/admin_top
INFO: [ route_check ] --START--
INFO: Run CheckRoute Behavior [ RunTime:0.001019s ]
INFO: [ route_check ] --END-- [ RunTime:0.001114s ]
INFO: [ app_begin ] --START--
INFO: Run ReadHtmlCache Behavior [ RunTime:0.000633s ]
INFO: [ app_begin ] --END-- [ RunTime:0.000712s ]
SQL: SHOW COLUMNS FROM `think_config` [ RunTime:0.002066s ]
SQL: SELECT * FROM `think_config` WHERE ( `key` = 'sitename' ) LIMIT 1   [ RunTime:0.000277s ]
INFO: [ view_template ] --START--
INFO: Run LocationTemplate Behavior [ RunTime:0.000666s ]
INFO: [ view_template ] --END-- [ RunTime:0.000755s ]
INFO: [ view_parse ] --START--
NOTIC: [8] Undefined offset: 1 D:\wamp\www\crewexam\ThinkPHP\Lib\Driver\TagLib\TagLibCx.class.php 第 524 行.
NOTIC: [8] Undefined offset: 1 D:\wamp\www\crewexam\ThinkPHP\Lib\Driver\TagLib\TagLibCx.class.php 第 524 行.
INFO: Run ParseTemplate Behavior [ RunTime:0.007928s ]
INFO: [ view_parse ] --END-- [ RunTime:0.008015s ]
INFO: [ view_filter ] --START--
INFO: Run ContentReplace Behavior [ RunTime:0.000295s ]
INFO: Run TokenBuild Behavior [ RunTime:0.000301s ]
INFO: Run WriteHtmlCache Behavior [ RunTime:0.000240s ]
INFO: Run ShowRuntime Behavior [ RunTime:0.000367s ]
INFO: [ view_filter ] --END-- [ RunTime:0.001342s ]
INFO: [ view_end ] --START--
INFO: Run ShowPageTrace Behavior [ RunTime:0.000499s ]
INFO: [ view_end ] --END-- [ RunTime:0.000547s ]

[ 2013-05-01T12:10:25+08:00 ] 127.0.0.1 /admin.php/Index/welcome
INFO: [ route_check ] --START--
INFO: Run CheckRoute Behavior [ RunTime:0.000659s ]
INFO: [ route_check ] --END-- [ RunTime:0.000761s ]
INFO: [ app_begin ] --START--
INFO: Run ReadHtmlCache Behavior [ RunTime:0.000665s ]
INFO: [ app_begin ] --END-- [ RunTime:0.000752s ]
INFO: [ view_template ] --START--
INFO: Run LocationTemplate Behavior [ RunTime:0.001231s ]
INFO: [ view_template ] --END-- [ RunTime:0.001515s ]
INFO: [ view_parse ] --START--
NOTIC: [8] Undefined offset: 1 D:\wamp\www\crewexam\ThinkPHP\Lib\Driver\TagLib\TagLibCx.class.php 第 524 行.
NOTIC: [8] Undefined offset: 1 D:\wamp\www\crewexam\ThinkPHP\Lib\Driver\TagLib\TagLibCx.class.php 第 524 行.
INFO: Run ParseTemplate Behavior [ RunTime:0.017419s ]
INFO: [ view_parse ] --END-- [ RunTime:0.017519s ]
INFO: [ view_filter ] --START--
INFO: Run ContentReplace Behavior [ RunTime:0.000618s ]
INFO: Run TokenBuild Behavior [ RunTime:0.000459s ]
INFO: Run WriteHtmlCache Behavior [ RunTime:0.000335s ]
INFO: Run ShowRuntime Behavior [ RunTime:0.000443s ]
INFO: [ view_filter ] --END-- [ RunTime:0.002064s ]
INFO: [ view_end ] --START--
INFO: Run ShowPageTrace Behavior [ RunTime:0.000512s ]
INFO: [ view_end ] --END-- [ RunTime:0.000563s ]

[ 2013-05-01T12:10:36+08:00 ] 127.0.0.1 /admin.php/Articles/add
INFO: [ route_check ] --START--
INFO: Run CheckRoute Behavior [ RunTime:0.000652s ]
INFO: [ route_check ] --END-- [ RunTime:0.000753s ]
INFO: [ app_begin ] --START--
INFO: Run ReadHtmlCache Behavior [ RunTime:0.000511s ]
INFO: [ app_begin ] --END-- [ RunTime:0.000568s ]
NOTIC: [8] Undefined index: id D:\wamp\www\crewexam\Admin\Lib\Action\ArticlesAction.class.php 第 36 行.
SQL: SHOW COLUMNS FROM `think_articles_catogery` [ RunTime:0.001991s ]
SQL: SELECT * FROM `think_articles_catogery`  [ RunTime:0.000272s ]
NOTIC: [8] Undefined variable: hidden1 D:\wamp\www\crewexam\Admin\Lib\Action\ArticlesAction.class.php 第 49 行.
NOTIC: [8] Undefined variable: hidden2 D:\wamp\www\crewexam\Admin\Lib\Action\ArticlesAction.class.php 第 50 行.
INFO: [ view_template ] --START--
INFO: Run LocationTemplate Behavior [ RunTime:0.000533s ]
INFO: [ view_template ] --END-- [ RunTime:0.000586s ]
INFO: [ view_parse ] --START--
NOTIC: [8] Undefined offset: 1 D:\wamp\www\crewexam\ThinkPHP\Lib\Driver\TagLib\TagLibCx.class.php 第 524 行.
NOTIC: [8] Undefined offset: 1 D:\wamp\www\crewexam\ThinkPHP\Lib\Driver\TagLib\TagLibCx.class.php 第 524 行.
NOTIC: [8] Undefined variable: article D:\wamp\www\crewexam\Admin\Runtime\Cache\23c2eb85abfcf8c18d1727e42d0cd2eb.php 第 83 行.
NOTIC: [8] Undefined variable: article D:\wamp\www\crewexam\Admin\Runtime\Cache\23c2eb85abfcf8c18d1727e42d0cd2eb.php 第 84 行.
NOTIC: [8] Undefined variable: article D:\wamp\www\crewexam\Admin\Runtime\Cache\23c2eb85abfcf8c18d1727e42d0cd2eb.php 第 94 行.
NOTIC: [8] Undefined variable: article D:\wamp\www\crewexam\Admin\Runtime\Cache\23c2eb85abfcf8c18d1727e42d0cd2eb.php 第 94 行.
NOTIC: [8] Undefined variable: article D:\wamp\www\crewexam\Admin\Runtime\Cache\23c2eb85abfcf8c18d1727e42d0cd2eb.php 第 94 行.
NOTIC: [8] Undefined variable: article D:\wamp\www\crewexam\Admin\Runtime\Cache\23c2eb85abfcf8c18d1727e42d0cd2eb.php 第 94 行.
NOTIC: [8] Undefined variable: article D:\wamp\www\crewexam\Admin\Runtime\Cache\23c2eb85abfcf8c18d1727e42d0cd2eb.php 第 94 行.
NOTIC: [8] Undefined variable: article D:\wamp\www\crewexam\Admin\Runtime\Cache\23c2eb85abfcf8c18d1727e42d0cd2eb.php 第 94 行.
NOTIC: [8] Undefined variable: article D:\wamp\www\crewexam\Admin\Runtime\Cache\23c2eb85abfcf8c18d1727e42d0cd2eb.php 第 103 行.
NOTIC: [8] Undefined variable: article D:\wamp\www\crewexam\Admin\Runtime\Cache\23c2eb85abfcf8c18d1727e42d0cd2eb.php 第 112 行.
NOTIC: [8] Undefined variable: article D:\wamp\www\crewexam\Admin\Runtime\Cache\23c2eb85abfcf8c18d1727e42d0cd2eb.php 第 119 行.
NOTIC: [8] Undefined variable: article D:\wamp\www\crewexam\Admin\Runtime\Cache\23c2eb85abfcf8c18d1727e42d0cd2eb.php 第 125 行.
NOTIC: [8] Undefined variable: article D:\wamp\www\crewexam\Admin\Runtime\Cache\23c2eb85abfcf8c18d1727e42d0cd2eb.php 第 132 行.
NOTIC: [8] Undefined variable: article D:\wamp\www\crewexam\Admin\Runtime\Cache\23c2eb85abfcf8c18d1727e42d0cd2eb.php 第 144 行.
INFO: Run ParseTemplate Behavior [ RunTime:0.009820s ]
INFO: [ view_parse ] --END-- [ RunTime:0.009878s ]
INFO: [ view_filter ] --START--
INFO: Run ContentReplace Behavior [ RunTime:0.000372s ]
INFO: Run TokenBuild Behavior [ RunTime:0.000349s ]
INFO: Run WriteHtmlCache Behavior [ RunTime:0.000236s ]
INFO: Run ShowRuntime Behavior [ RunTime:0.000344s ]
INFO: [ view_filter ] --END-- [ RunTime:0.001466s ]
INFO: [ view_end ] --START--
INFO: Run ShowPageTrace Behavior [ RunTime:0.000463s ]
INFO: [ view_end ] --END-- [ RunTime:0.000508s ]

[ 2013-05-01T12:12:47+08:00 ] 127.0.0.1 /admin.php/Articles/doadd
INFO: [ route_check ] --START--
INFO: Run CheckRoute Behavior [ RunTime:0.000815s ]
INFO: [ route_check ] --END-- [ RunTime:0.000891s ]
INFO: [ app_begin ] --START--
INFO: Run ReadHtmlCache Behavior [ RunTime:0.000471s ]
INFO: [ app_begin ] --END-- [ RunTime:0.000532s ]
SQL: SHOW COLUMNS FROM `think_articles` [ RunTime:0.001960s ]
SQL: INSERT INTO `think_articles` (`title`,`cid`,`content`,`discription`,`keywords`,`comefrom`,`dowloadurl`,`id`,`ctime`,`isdel`) VALUES ('首页大图',6,'&lt;img src=&quot;/Uploads/attached/image/20130501/20130501041235_15424.png&quot; alt=&quot;&quot; /&gt;','','','','',0,1367381567,0) [ RunTime:0.008370s ]
INFO: [ view_template ] --START--
INFO: Run LocationTemplate Behavior [ RunTime:0.000771s ]
INFO: [ view_template ] --END-- [ RunTime:0.000830s ]
INFO: [ view_parse ] --START--
INFO: Run ParseTemplate Behavior [ RunTime:0.008596s ]
INFO: [ view_parse ] --END-- [ RunTime:0.008667s ]
INFO: [ view_filter ] --START--
INFO: Run ContentReplace Behavior [ RunTime:0.000397s ]
INFO: Run TokenBuild Behavior [ RunTime:0.000393s ]
INFO: Run WriteHtmlCache Behavior [ RunTime:0.000275s ]
INFO: Run ShowRuntime Behavior [ RunTime:0.000429s ]
INFO: [ view_filter ] --END-- [ RunTime:0.001634s ]
INFO: [ view_end ] --START--
INFO: Run ShowPageTrace Behavior [ RunTime:0.000568s ]
INFO: [ view_end ] --END-- [ RunTime:0.000616s ]

[ 2013-05-01T12:12:48+08:00 ] 127.0.0.1 /admin.php/Articles/add/id/95
INFO: [ route_check ] --START--
INFO: Run CheckRoute Behavior [ RunTime:0.000854s ]
INFO: [ route_check ] --END-- [ RunTime:0.000943s ]
INFO: [ app_begin ] --START--
INFO: Run ReadHtmlCache Behavior [ RunTime:0.000622s ]
INFO: [ app_begin ] --END-- [ RunTime:0.000685s ]
SQL: SHOW COLUMNS FROM `think_articles` [ RunTime:0.001779s ]
SQL: SELECT * FROM `think_articles` WHERE id=95 LIMIT 1   [ RunTime:0.000321s ]
SQL: SHOW COLUMNS FROM `think_articles_catogery` [ RunTime:0.001513s ]
SQL: SELECT * FROM `think_articles_catogery`  [ RunTime:0.000202s ]
NOTIC: [8] Undefined variable: hidden1 D:\wamp\www\crewexam\Admin\Lib\Action\ArticlesAction.class.php 第 49 行.
INFO: [ view_template ] --START--
INFO: Run LocationTemplate Behavior [ RunTime:0.000730s ]
INFO: [ view_template ] --END-- [ RunTime:0.000785s ]
INFO: [ view_parse ] --START--
NOTIC: [8] Undefined offset: 1 D:\wamp\www\crewexam\ThinkPHP\Lib\Driver\TagLib\TagLibCx.class.php 第 524 行.
NOTIC: [8] Undefined offset: 1 D:\wamp\www\crewexam\ThinkPHP\Lib\Driver\TagLib\TagLibCx.class.php 第 524 行.
INFO: Run ParseTemplate Behavior [ RunTime:0.009687s ]
INFO: [ view_parse ] --END-- [ RunTime:0.009748s ]
INFO: [ view_filter ] --START--
INFO: Run ContentReplace Behavior [ RunTime:0.000400s ]
INFO: Run TokenBuild Behavior [ RunTime:0.000423s ]
INFO: Run WriteHtmlCache Behavior [ RunTime:0.000270s ]
INFO: Run ShowRuntime Behavior [ RunTime:0.000433s ]
INFO: [ view_filter ] --END-- [ RunTime:0.001660s ]
INFO: [ view_end ] --START--
INFO: Run ShowPageTrace Behavior [ RunTime:0.000556s ]
INFO: [ view_end ] --END-- [ RunTime:0.000610s ]

[ 2013-05-01T12:12:56+08:00 ] 127.0.0.1 /admin.php/Articles/index
INFO: [ route_check ] --START--
INFO: Run CheckRoute Behavior [ RunTime:0.000658s ]
INFO: [ route_check ] --END-- [ RunTime:0.000734s ]
INFO: [ app_begin ] --START--
INFO: Run ReadHtmlCache Behavior [ RunTime:0.000402s ]
INFO: [ app_begin ] --END-- [ RunTime:0.000449s ]
NOTIC: [8] Undefined index: cid D:\wamp\www\crewexam\Admin\Lib\Action\ArticlesAction.class.php 第 7 行.
SQL: SHOW COLUMNS FROM `think_articles` [ RunTime:0.001881s ]
NOTIC: [8] Undefined variable: where D:\wamp\www\crewexam\Admin\Lib\Action\ArticlesAction.class.php 第 14 行.
SQL: SELECT COUNT(*) AS tp_count FROM `think_articles` LIMIT 1   [ RunTime:0.000299s ]
NOTIC: [8] Undefined variable: where D:\wamp\www\crewexam\Admin\Lib\Action\ArticlesAction.class.php 第 20 行.
SQL: SELECT * FROM `think_articles` ORDER BY id desc LIMIT 0,20   [ RunTime:0.000638s ]
SQL: SHOW COLUMNS FROM `think_articles_catogery` [ RunTime:0.001418s ]
SQL: SELECT * FROM `think_articles_catogery`  [ RunTime:0.000199s ]
NOTIC: [8] Undefined index: cid D:\wamp\www\crewexam\Admin\Lib\Action\ArticlesAction.class.php 第 27 行.
INFO: [ view_template ] --START--
INFO: Run LocationTemplate Behavior [ RunTime:0.000527s ]
INFO: [ view_template ] --END-- [ RunTime:0.000600s ]
INFO: [ view_parse ] --START--
NOTIC: [8] Undefined offset: 1 D:\wamp\www\crewexam\ThinkPHP\Lib\Driver\TagLib\TagLibCx.class.php 第 524 行.
NOTIC: [8] Undefined offset: 1 D:\wamp\www\crewexam\ThinkPHP\Lib\Driver\TagLib\TagLibCx.class.php 第 524 行.
INFO: Run ParseTemplate Behavior [ RunTime:0.009802s ]
INFO: [ view_parse ] --END-- [ RunTime:0.009865s ]
INFO: [ view_filter ] --START--
INFO: Run ContentReplace Behavior [ RunTime:0.000399s ]
INFO: Run TokenBuild Behavior [ RunTime:0.000444s ]
INFO: Run WriteHtmlCache Behavior [ RunTime:0.000193s ]
INFO: Run ShowRuntime Behavior [ RunTime:0.000360s ]
INFO: [ view_filter ] --END-- [ RunTime:0.001525s ]
INFO: [ view_end ] --START--
INFO: Run ShowPageTrace Behavior [ RunTime:0.000494s ]
INFO: [ view_end ] --END-- [ RunTime:0.000542s ]

[ 2013-05-01T12:13:07+08:00 ] 127.0.0.1 /admin.php/Articles/deletenews
INFO: [ route_check ] --START--
INFO: Run CheckRoute Behavior [ RunTime:0.000787s ]
INFO: [ route_check ] --END-- [ RunTime:0.000859s ]
INFO: [ app_begin ] --START--
INFO: Run ReadHtmlCache Behavior [ RunTime:0.000546s ]
INFO: [ app_begin ] --END-- [ RunTime:0.000594s ]
SQL: SHOW COLUMNS FROM `think_articles` [ RunTime:0.001730s ]
SQL: DELETE FROM `think_articles` WHERE id=95 and cid<>6 [ RunTime:0.000224s ]

[ 2013-05-01T12:13:07+08:00 ] 127.0.0.1 /admin.php/Articles/index
INFO: [ route_check ] --START--
INFO: Run CheckRoute Behavior [ RunTime:0.000668s ]
INFO: [ route_check ] --END-- [ RunTime:0.000742s ]
INFO: [ app_begin ] --START--
INFO: Run ReadHtmlCache Behavior [ RunTime:0.000450s ]
INFO: [ app_begin ] --END-- [ RunTime:0.000501s ]
NOTIC: [8] Undefined index: cid D:\wamp\www\crewexam\Admin\Lib\Action\ArticlesAction.class.php 第 7 行.
SQL: SHOW COLUMNS FROM `think_articles` [ RunTime:0.001700s ]
NOTIC: [8] Undefined variable: where D:\wamp\www\crewexam\Admin\Lib\Action\ArticlesAction.class.php 第 14 行.
SQL: SELECT COUNT(*) AS tp_count FROM `think_articles` LIMIT 1   [ RunTime:0.000239s ]
NOTIC: [8] Undefined variable: where D:\wamp\www\crewexam\Admin\Lib\Action\ArticlesAction.class.php 第 20 行.
SQL: SELECT * FROM `think_articles` ORDER BY id desc LIMIT 0,20   [ RunTime:0.000659s ]
SQL: SHOW COLUMNS FROM `think_articles_catogery` [ RunTime:0.001436s ]
SQL: SELECT * FROM `think_articles_catogery`  [ RunTime:0.000187s ]
NOTIC: [8] Undefined index: cid D:\wamp\www\crewexam\Admin\Lib\Action\ArticlesAction.class.php 第 27 行.
INFO: [ view_template ] --START--
INFO: Run LocationTemplate Behavior [ RunTime:0.000627s ]
INFO: [ view_template ] --END-- [ RunTime:0.000678s ]
INFO: [ view_parse ] --START--
NOTIC: [8] Undefined offset: 1 D:\wamp\www\crewexam\ThinkPHP\Lib\Driver\TagLib\TagLibCx.class.php 第 524 行.
NOTIC: [8] Undefined offset: 1 D:\wamp\www\crewexam\ThinkPHP\Lib\Driver\TagLib\TagLibCx.class.php 第 524 行.
INFO: Run ParseTemplate Behavior [ RunTime:0.010131s ]
INFO: [ view_parse ] --END-- [ RunTime:0.010195s ]
INFO: [ view_filter ] --START--
INFO: Run ContentReplace Behavior [ RunTime:0.000511s ]
INFO: Run TokenBuild Behavior [ RunTime:0.000402s ]
INFO: Run WriteHtmlCache Behavior [ RunTime:0.000275s ]
INFO: Run ShowRuntime Behavior [ RunTime:0.000398s ]
INFO: [ view_filter ] --END-- [ RunTime:0.001719s ]
INFO: [ view_end ] --START--
INFO: Run ShowPageTrace Behavior [ RunTime:0.000506s ]
INFO: [ view_end ] --END-- [ RunTime:0.000550s ]

[ 2013-05-01T12:40:26+08:00 ] 127.0.0.1 /admin.php/Public/login
INFO: [ route_check ] --START--
INFO: Run CheckRoute Behavior [ RunTime:0.000670s ]
INFO: [ route_check ] --END-- [ RunTime:0.000749s ]
INFO: [ app_begin ] --START--
INFO: Run ReadHtmlCache Behavior [ RunTime:0.000437s ]
INFO: [ app_begin ] --END-- [ RunTime:0.000490s ]
SQL: SHOW COLUMNS FROM `think_config` [ RunTime:0.001614s ]
SQL: SELECT * FROM `think_config`  [ RunTime:0.000286s ]
INFO: [ view_template ] --START--
INFO: Run LocationTemplate Behavior [ RunTime:0.000765s ]
INFO: [ view_template ] --END-- [ RunTime:0.000825s ]
INFO: [ view_parse ] --START--
NOTIC: [8] Undefined offset: 1 D:\wamp\www\crewexam\ThinkPHP\Lib\Driver\TagLib\TagLibCx.class.php 第 524 行.
NOTIC: [8] Undefined offset: 1 D:\wamp\www\crewexam\ThinkPHP\Lib\Driver\TagLib\TagLibCx.class.php 第 524 行.
INFO: Run ParseTemplate Behavior [ RunTime:0.008236s ]
INFO: [ view_parse ] --END-- [ RunTime:0.008307s ]
INFO: [ view_filter ] --START--
INFO: Run ContentReplace Behavior [ RunTime:0.000938s ]
INFO: Run TokenBuild Behavior [ RunTime:0.000544s ]
INFO: Run WriteHtmlCache Behavior [ RunTime:0.000354s ]
INFO: Run ShowRuntime Behavior [ RunTime:0.000540s ]
INFO: [ view_filter ] --END-- [ RunTime:0.002567s ]
INFO: [ view_end ] --START--
INFO: Run ShowPageTrace Behavior [ RunTime:0.000632s ]
INFO: [ view_end ] --END-- [ RunTime:0.000683s ]

[ 2013-05-01T12:40:26+08:00 ] 127.0.0.1 /admin.php/Public/verify/
INFO: [ route_check ] --START--
INFO: Run CheckRoute Behavior [ RunTime:0.000884s ]
INFO: [ route_check ] --END-- [ RunTime:0.000979s ]
INFO: [ app_begin ] --START--
INFO: Run ReadHtmlCache Behavior [ RunTime:0.000779s ]
INFO: [ app_begin ] --END-- [ RunTime:0.000863s ]

