[ 2013-04-21T13:44:41+08:00 ] 127.0.0.1 /admin.php/Public/login
INFO: [ route_check ] --START--
INFO: Run CheckRoute Behavior [ RunTime:0.000784s ]
INFO: [ route_check ] --END-- [ RunTime:0.000857s ]
INFO: [ app_begin ] --START--
INFO: Run ReadHtmlCache Behavior [ RunTime:0.000439s ]
INFO: [ app_begin ] --END-- [ RunTime:0.000501s ]
INFO: [ view_template ] --START--
INFO: Run LocationTemplate Behavior [ RunTime:0.000593s ]
INFO: [ view_template ] --END-- [ RunTime:0.000647s ]
INFO: [ view_parse ] --START--
INFO: Run ParseTemplate Behavior [ RunTime:0.008463s ]
INFO: [ view_parse ] --END-- [ RunTime:0.008533s ]
INFO: [ view_filter ] --START--
INFO: Run ContentReplace Behavior [ RunTime:0.000425s ]
INFO: Run TokenBuild Behavior [ RunTime:0.000723s ]
INFO: Run WriteHtmlCache Behavior [ RunTime:0.000421s ]
INFO: Run ShowRuntime Behavior [ RunTime:0.000657s ]
INFO: [ view_filter ] --END-- [ RunTime:0.002453s ]
INFO: [ view_end ] --START--
INFO: Run ShowPageTrace Behavior [ RunTime:0.000576s ]
INFO: [ view_end ] --END-- [ RunTime:0.000626s ]

[ 2013-04-21T13:44:42+08:00 ] 127.0.0.1 /admin.php/Public/verify/
INFO: [ route_check ] --START--
INFO: Run CheckRoute Behavior [ RunTime:0.000818s ]
INFO: [ route_check ] --END-- [ RunTime:0.000887s ]
INFO: [ app_begin ] --START--
INFO: Run ReadHtmlCache Behavior [ RunTime:0.000492s ]
INFO: [ app_begin ] --END-- [ RunTime:0.000556s ]

[ 2013-04-21T13:44:50+08:00 ] 127.0.0.1 /admin.php/Public/checkLogin
INFO: [ route_check ] --START--
INFO: Run CheckRoute Behavior [ RunTime:0.000956s ]
INFO: [ route_check ] --END-- [ RunTime:0.001031s ]
INFO: [ app_begin ] --START--
INFO: Run ReadHtmlCache Behavior [ RunTime:0.000573s ]
INFO: [ app_begin ] --END-- [ RunTime:0.000627s ]
SQL: SHOW COLUMNS FROM `think_user` [ RunTime:0.002336s ]
SQL: SELECT * FROM `think_user` WHERE ( `account` = 'admin' ) AND ( `status` > 0 ) LIMIT 1   [ RunTime:0.000394s ]
SQL: UPDATE `think_user` SET `last_login_time`=1366523090,`login_count`=login_count+1,`last_login_ip`='127.0.0.1' WHERE ( `id` = 1 ) [ RunTime:0.001668s ]
INFO: [ view_template ] --START--
INFO: Run LocationTemplate Behavior [ RunTime:0.000907s ]
INFO: [ view_template ] --END-- [ RunTime:0.000962s ]
INFO: [ view_parse ] --START--
INFO: Run ParseTemplate Behavior [ RunTime:0.009057s ]
INFO: [ view_parse ] --END-- [ RunTime:0.009132s ]
INFO: [ view_filter ] --START--
INFO: Run ContentReplace Behavior [ RunTime:0.000494s ]
INFO: Run TokenBuild Behavior [ RunTime:0.000453s ]
INFO: Run WriteHtmlCache Behavior [ RunTime:0.000272s ]
INFO: Run ShowRuntime Behavior [ RunTime:0.000561s ]
INFO: [ view_filter ] --END-- [ RunTime:0.001924s ]
INFO: [ view_end ] --START--
INFO: Run ShowPageTrace Behavior [ RunTime:0.000715s ]
INFO: [ view_end ] --END-- [ RunTime:0.000777s ]

[ 2013-04-21T13:44:51+08:00 ] 127.0.0.1 /admin.php/Index/index
INFO: [ route_check ] --START--
INFO: Run CheckRoute Behavior [ RunTime:0.000617s ]
INFO: [ route_check ] --END-- [ RunTime:0.000682s ]
INFO: [ app_begin ] --START--
INFO: Run ReadHtmlCache Behavior [ RunTime:0.000453s ]
INFO: [ app_begin ] --END-- [ RunTime:0.000508s ]
INFO: [ view_template ] --START--
INFO: Run LocationTemplate Behavior [ RunTime:0.000600s ]
INFO: [ view_template ] --END-- [ RunTime:0.000666s ]
INFO: [ view_parse ] --START--
NOTIC: [8] Undefined offset: 1 D:\wamp\www\crewexam\ThinkPHP\Lib\Driver\TagLib\TagLibCx.class.php 第 524 行.
NOTIC: [8] Undefined offset: 1 D:\wamp\www\crewexam\ThinkPHP\Lib\Driver\TagLib\TagLibCx.class.php 第 524 行.
INFO: Run ParseTemplate Behavior [ RunTime:0.010067s ]
INFO: [ view_parse ] --END-- [ RunTime:0.010130s ]
INFO: [ view_filter ] --START--
INFO: Run ContentReplace Behavior [ RunTime:0.000374s ]
INFO: Run TokenBuild Behavior [ RunTime:0.000417s ]
INFO: Run WriteHtmlCache Behavior [ RunTime:0.000220s ]
INFO: Run ShowRuntime Behavior [ RunTime:0.000461s ]
INFO: [ view_filter ] --END-- [ RunTime:0.001608s ]
INFO: [ view_end ] --START--
INFO: Run ShowPageTrace Behavior [ RunTime:0.000604s ]
INFO: [ view_end ] --END-- [ RunTime:0.000647s ]

[ 2013-04-21T13:44:51+08:00 ] 127.0.0.1 /admin.php/Index/main
INFO: [ route_check ] --START--
INFO: Run CheckRoute Behavior [ RunTime:0.001791s ]
INFO: [ route_check ] --END-- [ RunTime:0.001916s ]
INFO: [ app_begin ] --START--
INFO: Run ReadHtmlCache Behavior [ RunTime:0.000631s ]
INFO: [ app_begin ] --END-- [ RunTime:0.000719s ]
INFO: [ view_template ] --START--
INFO: Run LocationTemplate Behavior [ RunTime:0.000666s ]
INFO: [ view_template ] --END-- [ RunTime:0.000762s ]
INFO: [ view_parse ] --START--
INFO: Run ParseTemplate Behavior [ RunTime:0.006659s ]
INFO: [ view_parse ] --END-- [ RunTime:0.006734s ]
INFO: [ view_filter ] --START--
INFO: Run ContentReplace Behavior [ RunTime:0.000390s ]
INFO: Run TokenBuild Behavior [ RunTime:0.000367s ]
INFO: Run WriteHtmlCache Behavior [ RunTime:0.000257s ]
INFO: Run ShowRuntime Behavior [ RunTime:0.000424s ]
INFO: [ view_filter ] --END-- [ RunTime:0.001573s ]
INFO: [ view_end ] --START--
INFO: Run ShowPageTrace Behavior [ RunTime:0.000547s ]
INFO: [ view_end ] --END-- [ RunTime:0.000594s ]

[ 2013-04-21T13:44:51+08:00 ] 127.0.0.1 /admin.php/Index/admin_top
INFO: [ route_check ] --START--
INFO: Run CheckRoute Behavior [ RunTime:0.001134s ]
INFO: [ route_check ] --END-- [ RunTime:0.001250s ]
INFO: [ app_begin ] --START--
INFO: Run ReadHtmlCache Behavior [ RunTime:0.000761s ]
INFO: [ app_begin ] --END-- [ RunTime:0.000867s ]
INFO: [ view_template ] --START--
INFO: Run LocationTemplate Behavior [ RunTime:0.000592s ]
INFO: [ view_template ] --END-- [ RunTime:0.000688s ]
INFO: [ view_parse ] --START--
NOTIC: [8] Undefined offset: 1 D:\wamp\www\crewexam\ThinkPHP\Lib\Driver\TagLib\TagLibCx.class.php 第 524 行.
NOTIC: [8] Undefined offset: 1 D:\wamp\www\crewexam\ThinkPHP\Lib\Driver\TagLib\TagLibCx.class.php 第 524 行.
NOTIC: [8] Undefined index: admininfo D:\wamp\www\crewexam\Admin\Runtime\Cache\fd18a93b5f2fbac51d7aab7ba54f359d.php 第 50 行.
NOTIC: [8] Undefined index: admininfo D:\wamp\www\crewexam\Admin\Runtime\Cache\fd18a93b5f2fbac51d7aab7ba54f359d.php 第 50 行.
INFO: Run ParseTemplate Behavior [ RunTime:0.013522s ]
INFO: [ view_parse ] --END-- [ RunTime:0.013616s ]
INFO: [ view_filter ] --START--
INFO: Run ContentReplace Behavior [ RunTime:0.000379s ]
INFO: Run TokenBuild Behavior [ RunTime:0.000314s ]
INFO: Run WriteHtmlCache Behavior [ RunTime:0.000204s ]
INFO: Run ShowRuntime Behavior [ RunTime:0.000358s ]
INFO: [ view_filter ] --END-- [ RunTime:0.001408s ]
INFO: [ view_end ] --START--
INFO: Run ShowPageTrace Behavior [ RunTime:0.000483s ]
INFO: [ view_end ] --END-- [ RunTime:0.000543s ]

[ 2013-04-21T13:44:51+08:00 ] 127.0.0.1 /admin.php/Index/admin_menu
INFO: [ route_check ] --START--
INFO: Run CheckRoute Behavior [ RunTime:0.001107s ]
INFO: [ route_check ] --END-- [ RunTime:0.001215s ]
INFO: [ app_begin ] --START--
INFO: Run ReadHtmlCache Behavior [ RunTime:0.000838s ]
INFO: [ app_begin ] --END-- [ RunTime:0.000963s ]
INFO: [ view_template ] --START--
INFO: Run LocationTemplate Behavior [ RunTime:0.000689s ]
INFO: [ view_template ] --END-- [ RunTime:0.000769s ]
INFO: [ view_parse ] --START--
INFO: Run ParseTemplate Behavior [ RunTime:0.012043s ]
INFO: [ view_parse ] --END-- [ RunTime:0.012164s ]
INFO: [ view_filter ] --START--
INFO: Run ContentReplace Behavior [ RunTime:0.000720s ]
INFO: Run TokenBuild Behavior [ RunTime:0.000588s ]
INFO: Run WriteHtmlCache Behavior [ RunTime:0.000386s ]
INFO: Run ShowRuntime Behavior [ RunTime:0.000851s ]
INFO: [ view_filter ] --END-- [ RunTime:0.002784s ]
INFO: [ view_end ] --START--
INFO: Run ShowPageTrace Behavior [ RunTime:0.000785s ]
INFO: [ view_end ] --END-- [ RunTime:0.000844s ]

[ 2013-04-21T13:44:51+08:00 ] 127.0.0.1 /admin.php/Index/welcome
INFO: [ route_check ] --START--
INFO: Run CheckRoute Behavior [ RunTime:0.001313s ]
INFO: [ route_check ] --END-- [ RunTime:0.001414s ]
INFO: [ app_begin ] --START--
INFO: Run ReadHtmlCache Behavior [ RunTime:0.000847s ]
INFO: [ app_begin ] --END-- [ RunTime:0.000964s ]
INFO: [ view_template ] --START--
INFO: Run LocationTemplate Behavior [ RunTime:0.001092s ]
INFO: [ view_template ] --END-- [ RunTime:0.001268s ]
INFO: [ view_parse ] --START--
INFO: Run ParseTemplate Behavior [ RunTime:0.019560s ]
INFO: [ view_parse ] --END-- [ RunTime:0.019668s ]
INFO: [ view_filter ] --START--
INFO: Run ContentReplace Behavior [ RunTime:0.000632s ]
INFO: Run TokenBuild Behavior [ RunTime:0.000519s ]
INFO: Run WriteHtmlCache Behavior [ RunTime:0.000370s ]
INFO: Run ShowRuntime Behavior [ RunTime:0.000708s ]
INFO: [ view_filter ] --END-- [ RunTime:0.002443s ]
INFO: [ view_end ] --START--
INFO: Run ShowPageTrace Behavior [ RunTime:0.001300s ]
INFO: [ view_end ] --END-- [ RunTime:0.001386s ]

[ 2013-04-21T13:45:33+08:00 ] 127.0.0.1 /admin.php/Index/admin_menu
INFO: [ route_check ] --START--
INFO: Run CheckRoute Behavior [ RunTime:0.000693s ]
INFO: [ route_check ] --END-- [ RunTime:0.000765s ]
INFO: [ app_begin ] --START--
INFO: Run ReadHtmlCache Behavior [ RunTime:0.000474s ]
INFO: [ app_begin ] --END-- [ RunTime:0.000541s ]
INFO: [ view_template ] --START--
INFO: Run LocationTemplate Behavior [ RunTime:0.000588s ]
INFO: [ view_template ] --END-- [ RunTime:0.000659s ]
INFO: [ view_parse ] --START--
INFO: Run ParseTemplate Behavior [ RunTime:0.007317s ]
INFO: [ view_parse ] --END-- [ RunTime:0.007379s ]
INFO: [ view_filter ] --START--
INFO: Run ContentReplace Behavior [ RunTime:0.000397s ]
INFO: Run TokenBuild Behavior [ RunTime:0.000390s ]
INFO: Run WriteHtmlCache Behavior [ RunTime:0.000236s ]
INFO: Run ShowRuntime Behavior [ RunTime:0.000505s ]
INFO: [ view_filter ] --END-- [ RunTime:0.001671s ]
INFO: [ view_end ] --START--
INFO: Run ShowPageTrace Behavior [ RunTime:0.000617s ]
INFO: [ view_end ] --END-- [ RunTime:0.000668s ]

[ 2013-04-21T13:45:36+08:00 ] 127.0.0.1 /admin.php/User/index
INFO: [ route_check ] --START--
INFO: Run CheckRoute Behavior [ RunTime:0.000607s ]
INFO: [ route_check ] --END-- [ RunTime:0.000675s ]
INFO: [ app_begin ] --START--
INFO: Run ReadHtmlCache Behavior [ RunTime:0.000428s ]
INFO: [ app_begin ] --END-- [ RunTime:0.000489s ]
SQL: SHOW COLUMNS FROM `think_user` [ RunTime:0.001960s ]
SQL: SELECT COUNT(*) AS tp_count FROM `think_user` LIMIT 1   [ RunTime:0.000190s ]
SQL: SELECT * FROM `think_user` LIMIT 0,20   [ RunTime:0.000321s ]
SQL: SELECT COUNT(*) AS tp_count FROM `think_user` LIMIT 1   [ RunTime:0.000131s ]
SQL: SELECT * FROM `think_user` LIMIT 0,20   [ RunTime:0.000229s ]
SQL: SHOW COLUMNS FROM `think_role_user` [ RunTime:0.001401s ]
SQL: SELECT * FROM `think_role_user` LEFT JOIN think_role ON think_role.id=think_role_user.role_id WHERE think_role_user.user_id=1 LIMIT 1   [ RunTime:0.000304s ]
SQL: SELECT * FROM `think_role_user` LEFT JOIN think_role ON think_role.id=think_role_user.role_id WHERE think_role_user.user_id=2 LIMIT 1   [ RunTime:0.000210s ]
SQL: SELECT * FROM `think_role_user` LEFT JOIN think_role ON think_role.id=think_role_user.role_id WHERE think_role_user.user_id=3 LIMIT 1   [ RunTime:0.000187s ]
SQL: SELECT * FROM `think_role_user` LEFT JOIN think_role ON think_role.id=think_role_user.role_id WHERE think_role_user.user_id=4 LIMIT 1   [ RunTime:0.000218s ]
INFO: [ view_template ] --START--
INFO: Run LocationTemplate Behavior [ RunTime:0.000771s ]
INFO: [ view_template ] --END-- [ RunTime:0.000855s ]
INFO: [ view_parse ] --START--
NOTIC: [8] Undefined offset: 1 D:\wamp\www\crewexam\ThinkPHP\Lib\Driver\TagLib\TagLibCx.class.php 第 524 行.
NOTIC: [8] Undefined offset: 1 D:\wamp\www\crewexam\ThinkPHP\Lib\Driver\TagLib\TagLibCx.class.php 第 524 行.
NOTIC: [8] Undefined index: p D:\wamp\www\crewexam\Admin\Runtime\Cache\2d9b4c6c484485abb77de5747c1664a2.php 第 56 行.
NOTIC: [8] Undefined index: p D:\wamp\www\crewexam\Admin\Runtime\Cache\2d9b4c6c484485abb77de5747c1664a2.php 第 57 行.
NOTIC: [8] Undefined index: p D:\wamp\www\crewexam\Admin\Runtime\Cache\2d9b4c6c484485abb77de5747c1664a2.php 第 58 行.
NOTIC: [8] Undefined index: p D:\wamp\www\crewexam\Admin\Runtime\Cache\2d9b4c6c484485abb77de5747c1664a2.php 第 59 行.
NOTIC: [8] Undefined index: p D:\wamp\www\crewexam\Admin\Runtime\Cache\2d9b4c6c484485abb77de5747c1664a2.php 第 60 行.
NOTIC: [8] Undefined index: p D:\wamp\www\crewexam\Admin\Runtime\Cache\2d9b4c6c484485abb77de5747c1664a2.php 第 61 行.
NOTIC: [8] Undefined index: p D:\wamp\www\crewexam\Admin\Runtime\Cache\2d9b4c6c484485abb77de5747c1664a2.php 第 62 行.
NOTIC: [8] Undefined index: p D:\wamp\www\crewexam\Admin\Runtime\Cache\2d9b4c6c484485abb77de5747c1664a2.php 第 63 行.
NOTIC: [8] Undefined index: block D:\wamp\www\crewexam\Admin\Runtime\Cache\2d9b4c6c484485abb77de5747c1664a2.php 第 75 行.
NOTIC: [8] Undefined index: block D:\wamp\www\crewexam\Admin\Runtime\Cache\2d9b4c6c484485abb77de5747c1664a2.php 第 75 行.
NOTIC: [8] Undefined index: block D:\wamp\www\crewexam\Admin\Runtime\Cache\2d9b4c6c484485abb77de5747c1664a2.php 第 75 行.
NOTIC: [8] Undefined index: block D:\wamp\www\crewexam\Admin\Runtime\Cache\2d9b4c6c484485abb77de5747c1664a2.php 第 75 行.
INFO: Run ParseTemplate Behavior [ RunTime:0.013146s ]
INFO: [ view_parse ] --END-- [ RunTime:0.013201s ]
INFO: [ view_filter ] --START--
INFO: Run ContentReplace Behavior [ RunTime:0.000469s ]
INFO: Run TokenBuild Behavior [ RunTime:0.000461s ]
INFO: Run WriteHtmlCache Behavior [ RunTime:0.000239s ]
INFO: Run ShowRuntime Behavior [ RunTime:0.000511s ]
INFO: [ view_filter ] --END-- [ RunTime:0.001816s ]
INFO: [ view_end ] --START--
INFO: Run ShowPageTrace Behavior [ RunTime:0.000599s ]
INFO: [ view_end ] --END-- [ RunTime:0.000648s ]

[ 2013-04-21T14:14:51+08:00 ] 127.0.0.1 /admin.php/Index/admin_top
INFO: [ route_check ] --START--
INFO: Run CheckRoute Behavior [ RunTime:0.000871s ]
INFO: [ route_check ] --END-- [ RunTime:0.000941s ]
INFO: [ app_begin ] --START--
INFO: Run ReadHtmlCache Behavior [ RunTime:0.000570s ]
INFO: [ app_begin ] --END-- [ RunTime:0.000651s ]
INFO: [ view_template ] --START--
INFO: Run LocationTemplate Behavior [ RunTime:0.000622s ]
INFO: [ view_template ] --END-- [ RunTime:0.000690s ]
INFO: [ view_parse ] --START--
NOTIC: [8] Undefined offset: 1 D:\wamp\www\crewexam\ThinkPHP\Lib\Driver\TagLib\TagLibCx.class.php 第 524 行.
NOTIC: [8] Undefined offset: 1 D:\wamp\www\crewexam\ThinkPHP\Lib\Driver\TagLib\TagLibCx.class.php 第 524 行.
NOTIC: [8] Undefined index: admininfo D:\wamp\www\crewexam\Admin\Runtime\Cache\fd18a93b5f2fbac51d7aab7ba54f359d.php 第 50 行.
NOTIC: [8] Undefined index: admininfo D:\wamp\www\crewexam\Admin\Runtime\Cache\fd18a93b5f2fbac51d7aab7ba54f359d.php 第 50 行.
INFO: Run ParseTemplate Behavior [ RunTime:0.006843s ]
INFO: [ view_parse ] --END-- [ RunTime:0.006895s ]
INFO: [ view_filter ] --START--
INFO: Run ContentReplace Behavior [ RunTime:0.000337s ]
INFO: Run TokenBuild Behavior [ RunTime:0.000338s ]
INFO: Run WriteHtmlCache Behavior [ RunTime:0.000257s ]
INFO: Run ShowRuntime Behavior [ RunTime:0.000384s ]
INFO: [ view_filter ] --END-- [ RunTime:0.001441s ]
INFO: [ view_end ] --START--
INFO: Run ShowPageTrace Behavior [ RunTime:0.000600s ]
INFO: [ view_end ] --END-- [ RunTime:0.000663s ]

