[ 2013-05-03T07:07:34+08:00 ] 127.0.0.1 /
INFO: [ app_begin ] --START--
INFO: Run ReadHtmlCache Behavior [ RunTime:0.000604s ]
INFO: [ app_begin ] --END-- [ RunTime:0.000691s ]
SQL: SHOW COLUMNS FROM `think_config` [ RunTime:0.002063s ]
SQL: SELECT * FROM `think_config`  [ RunTime:0.000371s ]
SQL: SHOW COLUMNS FROM `think_articles` [ RunTime:0.005285s ]
SQL: SELECT * FROM `think_articles` WHERE cid=1 ORDER BY id desc LIMIT 4   [ RunTime:0.001664s ]
SQL: SELECT * FROM `think_articles` WHERE cid=2 ORDER BY id desc LIMIT 4   [ RunTime:0.000436s ]
SQL: SELECT * FROM `think_articles` WHERE id=95 LIMIT 1   [ RunTime:0.000192s ]
INFO: [ view_template ] --START--
INFO: Run LocationTemplate Behavior [ RunTime:0.001926s ]
INFO: [ view_template ] --END-- [ RunTime:0.002015s ]
INFO: [ view_parse ] --START--
NOTIC: [8] Undefined offset: 1 D:\wamp\www\crewexam\ThinkPHP\Lib\Driver\TagLib\TagLibCx.class.php 第 524 行.
NOTIC: [8] Undefined offset: 1 D:\wamp\www\crewexam\ThinkPHP\Lib\Driver\TagLib\TagLibCx.class.php 第 524 行.
NOTIC: [8] Undefined offset: 1 D:\wamp\www\crewexam\ThinkPHP\Lib\Driver\TagLib\TagLibCx.class.php 第 524 行.
NOTIC: [8] Undefined offset: 1 D:\wamp\www\crewexam\ThinkPHP\Lib\Driver\TagLib\TagLibCx.class.php 第 524 行.
NOTIC: [8] Undefined variable: pagediscription D:\wamp\www\crewexam\Home\Runtime\Cache\71191d06e3a1515d6f2539df23c89c2b.php 第 17 行.
NOTIC: [8] Undefined index: user_id D:\wamp\www\crewexam\Home\Runtime\Cache\71191d06e3a1515d6f2539df23c89c2b.php 第 50 行.
INFO: Run ParseTemplate Behavior [ RunTime:0.032882s ]
INFO: [ view_parse ] --END-- [ RunTime:0.032975s ]
INFO: [ view_filter ] --START--
INFO: Run ContentReplace Behavior [ RunTime:0.000924s ]
INFO: Run TokenBuild Behavior [ RunTime:0.000839s ]
INFO: Run WriteHtmlCache Behavior [ RunTime:0.000510s ]
INFO: Run ShowRuntime Behavior [ RunTime:0.000713s ]
INFO: [ view_filter ] --END-- [ RunTime:0.003143s ]
INFO: [ view_end ] --START--
INFO: Run ShowPageTrace Behavior [ RunTime:0.000927s ]
INFO: [ view_end ] --END-- [ RunTime:0.000980s ]

[ 2013-05-03T07:07:47+08:00 ] 127.0.0.1 /
INFO: [ app_begin ] --START--
INFO: Run ReadHtmlCache Behavior [ RunTime:0.000462s ]
INFO: [ app_begin ] --END-- [ RunTime:0.000539s ]
SQL: SHOW COLUMNS FROM `think_articles` [ RunTime:0.002043s ]
SQL: SELECT * FROM `think_articles` WHERE cid=1 ORDER BY id desc LIMIT 4   [ RunTime:0.000489s ]
SQL: SELECT * FROM `think_articles` WHERE cid=2 ORDER BY id desc LIMIT 4   [ RunTime:0.000297s ]
SQL: SELECT * FROM `think_articles` WHERE id=95 LIMIT 1   [ RunTime:0.000208s ]
INFO: [ view_template ] --START--
INFO: Run LocationTemplate Behavior [ RunTime:0.000581s ]
INFO: [ view_template ] --END-- [ RunTime:0.000661s ]
INFO: [ view_parse ] --START--
NOTIC: [8] Undefined offset: 1 D:\wamp\www\crewexam\ThinkPHP\Lib\Driver\TagLib\TagLibCx.class.php 第 524 行.
NOTIC: [8] Undefined offset: 1 D:\wamp\www\crewexam\ThinkPHP\Lib\Driver\TagLib\TagLibCx.class.php 第 524 行.
NOTIC: [8] Undefined offset: 1 D:\wamp\www\crewexam\ThinkPHP\Lib\Driver\TagLib\TagLibCx.class.php 第 524 行.
NOTIC: [8] Undefined offset: 1 D:\wamp\www\crewexam\ThinkPHP\Lib\Driver\TagLib\TagLibCx.class.php 第 524 行.
NOTIC: [8] Undefined variable: pagediscription D:\wamp\www\crewexam\Home\Runtime\Cache\71191d06e3a1515d6f2539df23c89c2b.php 第 17 行.
NOTIC: [8] Undefined index: user_id D:\wamp\www\crewexam\Home\Runtime\Cache\71191d06e3a1515d6f2539df23c89c2b.php 第 50 行.
INFO: Run ParseTemplate Behavior [ RunTime:0.022545s ]
INFO: [ view_parse ] --END-- [ RunTime:0.022652s ]
INFO: [ view_filter ] --START--
INFO: Run ContentReplace Behavior [ RunTime:0.000607s ]
INFO: Run TokenBuild Behavior [ RunTime:0.000535s ]
INFO: Run WriteHtmlCache Behavior [ RunTime:0.000367s ]
INFO: Run ShowRuntime Behavior [ RunTime:0.000729s ]
INFO: [ view_filter ] --END-- [ RunTime:0.002453s ]
INFO: [ view_end ] --START--
INFO: Run ShowPageTrace Behavior [ RunTime:0.000886s ]
INFO: [ view_end ] --END-- [ RunTime:0.000957s ]

[ 2013-05-03T07:07:47+08:00 ] 127.0.0.1 /
INFO: [ app_begin ] --START--
INFO: Run ReadHtmlCache Behavior [ RunTime:0.000576s ]
INFO: [ app_begin ] --END-- [ RunTime:0.000655s ]
SQL: SHOW COLUMNS FROM `think_articles` [ RunTime:0.002780s ]
SQL: SELECT * FROM `think_articles` WHERE cid=1 ORDER BY id desc LIMIT 4   [ RunTime:0.000572s ]
SQL: SELECT * FROM `think_articles` WHERE cid=2 ORDER BY id desc LIMIT 4   [ RunTime:0.000404s ]
SQL: SELECT * FROM `think_articles` WHERE id=95 LIMIT 1   [ RunTime:0.000166s ]
INFO: [ view_template ] --START--
INFO: Run LocationTemplate Behavior [ RunTime:0.000666s ]
INFO: [ view_template ] --END-- [ RunTime:0.000726s ]
INFO: [ view_parse ] --START--
NOTIC: [8] Undefined offset: 1 D:\wamp\www\crewexam\ThinkPHP\Lib\Driver\TagLib\TagLibCx.class.php 第 524 行.
NOTIC: [8] Undefined offset: 1 D:\wamp\www\crewexam\ThinkPHP\Lib\Driver\TagLib\TagLibCx.class.php 第 524 行.
NOTIC: [8] Undefined offset: 1 D:\wamp\www\crewexam\ThinkPHP\Lib\Driver\TagLib\TagLibCx.class.php 第 524 行.
NOTIC: [8] Undefined offset: 1 D:\wamp\www\crewexam\ThinkPHP\Lib\Driver\TagLib\TagLibCx.class.php 第 524 行.
NOTIC: [8] Undefined variable: pagediscription D:\wamp\www\crewexam\Home\Runtime\Cache\71191d06e3a1515d6f2539df23c89c2b.php 第 17 行.
NOTIC: [8] Undefined index: user_id D:\wamp\www\crewexam\Home\Runtime\Cache\71191d06e3a1515d6f2539df23c89c2b.php 第 50 行.
INFO: Run ParseTemplate Behavior [ RunTime:0.027163s ]
INFO: [ view_parse ] --END-- [ RunTime:0.027227s ]
INFO: [ view_filter ] --START--
INFO: Run ContentReplace Behavior [ RunTime:0.000457s ]
INFO: Run TokenBuild Behavior [ RunTime:0.000545s ]
INFO: Run WriteHtmlCache Behavior [ RunTime:0.000267s ]
INFO: Run ShowRuntime Behavior [ RunTime:0.000439s ]
INFO: [ view_filter ] --END-- [ RunTime:0.001847s ]
INFO: [ view_end ] --START--
INFO: Run ShowPageTrace Behavior [ RunTime:0.000535s ]
INFO: [ view_end ] --END-- [ RunTime:0.000590s ]

[ 2013-05-03T07:07:47+08:00 ] 127.0.0.1 /
INFO: [ app_begin ] --START--
INFO: Run ReadHtmlCache Behavior [ RunTime:0.000896s ]
INFO: [ app_begin ] --END-- [ RunTime:0.000999s ]
SQL: SHOW COLUMNS FROM `think_articles` [ RunTime:0.001792s ]
SQL: SELECT * FROM `think_articles` WHERE cid=1 ORDER BY id desc LIMIT 4   [ RunTime:0.000432s ]
SQL: SELECT * FROM `think_articles` WHERE cid=2 ORDER BY id desc LIMIT 4   [ RunTime:0.000265s ]
SQL: SELECT * FROM `think_articles` WHERE id=95 LIMIT 1   [ RunTime:0.000175s ]
INFO: [ view_template ] --START--
INFO: Run LocationTemplate Behavior [ RunTime:0.000862s ]
INFO: [ view_template ] --END-- [ RunTime:0.000940s ]
INFO: [ view_parse ] --START--
NOTIC: [8] Undefined offset: 1 D:\wamp\www\crewexam\ThinkPHP\Lib\Driver\TagLib\TagLibCx.class.php 第 524 行.
NOTIC: [8] Undefined offset: 1 D:\wamp\www\crewexam\ThinkPHP\Lib\Driver\TagLib\TagLibCx.class.php 第 524 行.
NOTIC: [8] Undefined offset: 1 D:\wamp\www\crewexam\ThinkPHP\Lib\Driver\TagLib\TagLibCx.class.php 第 524 行.
NOTIC: [8] Undefined offset: 1 D:\wamp\www\crewexam\ThinkPHP\Lib\Driver\TagLib\TagLibCx.class.php 第 524 行.
NOTIC: [8] Undefined variable: pagediscription D:\wamp\www\crewexam\Home\Runtime\Cache\71191d06e3a1515d6f2539df23c89c2b.php 第 17 行.
NOTIC: [8] Undefined index: user_id D:\wamp\www\crewexam\Home\Runtime\Cache\71191d06e3a1515d6f2539df23c89c2b.php 第 50 行.
INFO: Run ParseTemplate Behavior [ RunTime:0.026922s ]
INFO: [ view_parse ] --END-- [ RunTime:0.026988s ]
INFO: [ view_filter ] --START--
INFO: Run ContentReplace Behavior [ RunTime:0.000399s ]
INFO: Run TokenBuild Behavior [ RunTime:0.000526s ]
INFO: Run WriteHtmlCache Behavior [ RunTime:0.000246s ]
INFO: Run ShowRuntime Behavior [ RunTime:0.000400s ]
INFO: [ view_filter ] --END-- [ RunTime:0.001696s ]
INFO: [ view_end ] --START--
INFO: Run ShowPageTrace Behavior [ RunTime:0.000497s ]
INFO: [ view_end ] --END-- [ RunTime:0.000540s ]

[ 2013-05-03T09:37:31+08:00 ] 127.0.0.1 /
INFO: [ app_begin ] --START--
INFO: Run ReadHtmlCache Behavior [ RunTime:0.000532s ]
INFO: [ app_begin ] --END-- [ RunTime:0.000599s ]
SQL: SHOW COLUMNS FROM `think_articles` [ RunTime:0.001788s ]
SQL: SELECT * FROM `think_articles` WHERE cid=1 ORDER BY id desc LIMIT 4   [ RunTime:0.000462s ]
SQL: SELECT * FROM `think_articles` WHERE cid=2 ORDER BY id desc LIMIT 4   [ RunTime:0.000320s ]
SQL: SELECT * FROM `think_articles` WHERE id=95 LIMIT 1   [ RunTime:0.000185s ]
INFO: [ view_template ] --START--
INFO: Run LocationTemplate Behavior [ RunTime:0.000750s ]
INFO: [ view_template ] --END-- [ RunTime:0.000808s ]
INFO: [ view_parse ] --START--
NOTIC: [8] Undefined offset: 1 D:\wamp\www\crewexam\ThinkPHP\Lib\Driver\TagLib\TagLibCx.class.php 第 524 行.
NOTIC: [8] Undefined offset: 1 D:\wamp\www\crewexam\ThinkPHP\Lib\Driver\TagLib\TagLibCx.class.php 第 524 行.
NOTIC: [8] Undefined offset: 1 D:\wamp\www\crewexam\ThinkPHP\Lib\Driver\TagLib\TagLibCx.class.php 第 524 行.
NOTIC: [8] Undefined offset: 1 D:\wamp\www\crewexam\ThinkPHP\Lib\Driver\TagLib\TagLibCx.class.php 第 524 行.
NOTIC: [8] Undefined variable: pagediscription D:\wamp\www\crewexam\Home\Runtime\Cache\71191d06e3a1515d6f2539df23c89c2b.php 第 17 行.
NOTIC: [8] Undefined index: user_id D:\wamp\www\crewexam\Home\Runtime\Cache\71191d06e3a1515d6f2539df23c89c2b.php 第 50 行.
INFO: Run ParseTemplate Behavior [ RunTime:0.017126s ]
INFO: [ view_parse ] --END-- [ RunTime:0.017195s ]
INFO: [ view_filter ] --START--
INFO: Run ContentReplace Behavior [ RunTime:0.000680s ]
INFO: Run TokenBuild Behavior [ RunTime:0.000733s ]
INFO: Run WriteHtmlCache Behavior [ RunTime:0.000369s ]
INFO: Run ShowRuntime Behavior [ RunTime:0.000699s ]
INFO: [ view_filter ] --END-- [ RunTime:0.002659s ]
INFO: [ view_end ] --START--
INFO: Run ShowPageTrace Behavior [ RunTime:0.000595s ]
INFO: [ view_end ] --END-- [ RunTime:0.000643s ]

[ 2013-05-03T09:37:42+08:00 ] 127.0.0.1 /
INFO: [ app_begin ] --START--
INFO: Run ReadHtmlCache Behavior [ RunTime:0.000411s ]
INFO: [ app_begin ] --END-- [ RunTime:0.000479s ]
SQL: SHOW COLUMNS FROM `think_articles` [ RunTime:0.001738s ]
SQL: SELECT * FROM `think_articles` WHERE cid=1 ORDER BY id desc LIMIT 4   [ RunTime:0.000440s ]
SQL: SELECT * FROM `think_articles` WHERE cid=2 ORDER BY id desc LIMIT 4   [ RunTime:0.000416s ]
SQL: SELECT * FROM `think_articles` WHERE id=95 LIMIT 1   [ RunTime:0.000207s ]
INFO: [ view_template ] --START--
INFO: Run LocationTemplate Behavior [ RunTime:0.000530s ]
INFO: [ view_template ] --END-- [ RunTime:0.000589s ]
INFO: [ view_parse ] --START--
NOTIC: [8] Undefined offset: 1 D:\wamp\www\crewexam\ThinkPHP\Lib\Driver\TagLib\TagLibCx.class.php 第 524 行.
NOTIC: [8] Undefined offset: 1 D:\wamp\www\crewexam\ThinkPHP\Lib\Driver\TagLib\TagLibCx.class.php 第 524 行.
NOTIC: [8] Undefined offset: 1 D:\wamp\www\crewexam\ThinkPHP\Lib\Driver\TagLib\TagLibCx.class.php 第 524 行.
NOTIC: [8] Undefined offset: 1 D:\wamp\www\crewexam\ThinkPHP\Lib\Driver\TagLib\TagLibCx.class.php 第 524 行.
NOTIC: [8] Undefined variable: pagediscription D:\wamp\www\crewexam\Home\Runtime\Cache\71191d06e3a1515d6f2539df23c89c2b.php 第 17 行.
NOTIC: [8] Undefined index: user_id D:\wamp\www\crewexam\Home\Runtime\Cache\71191d06e3a1515d6f2539df23c89c2b.php 第 50 行.
INFO: Run ParseTemplate Behavior [ RunTime:0.016247s ]
INFO: [ view_parse ] --END-- [ RunTime:0.016314s ]
INFO: [ view_filter ] --START--
INFO: Run ContentReplace Behavior [ RunTime:0.000433s ]
INFO: Run TokenBuild Behavior [ RunTime:0.000394s ]
INFO: Run WriteHtmlCache Behavior [ RunTime:0.000198s ]
INFO: Run ShowRuntime Behavior [ RunTime:0.000368s ]
INFO: [ view_filter ] --END-- [ RunTime:0.001526s ]
INFO: [ view_end ] --START--
INFO: Run ShowPageTrace Behavior [ RunTime:0.000468s ]
INFO: [ view_end ] --END-- [ RunTime:0.000514s ]

[ 2013-05-03T09:37:50+08:00 ] 127.0.0.1 /user/allapp
INFO: [ route_check ] --START--
INFO: Run CheckRoute Behavior [ RunTime:0.000624s ]
INFO: [ route_check ] --END-- [ RunTime:0.000694s ]
INFO: [ app_begin ] --START--
INFO: Run ReadHtmlCache Behavior [ RunTime:0.000420s ]
INFO: [ app_begin ] --END-- [ RunTime:0.000505s ]
NOTIC: [8] Undefined index: secretkey D:\wamp\www\crewexam\Home\Lib\Action\CommonAction.class.php 第 27 行.
SQL: SHOW COLUMNS FROM `think_user` [ RunTime:0.002022s ]
SQL: SELECT `account`,`email`,`password`,`create_time`,`identitycard`,`sex`,`job`,`tel`,`address`,`birthday` FROM `think_user` WHERE id=37 LIMIT 1   [ RunTime:0.000277s ]
NOTIC: [8] Undefined index: gid D:\wamp\www\crewexam\Home\Lib\Action\UserAction.class.php 第 139 行.
SQL: SHOW COLUMNS FROM `think_userextend` [ RunTime:0.001548s ]
SQL: SELECT * FROM `think_userextend` WHERE uid=37 LIMIT 1   [ RunTime:0.000212s ]
NOTIC: [8] Undefined index: gid D:\wamp\www\crewexam\Home\Lib\Action\UserAction.class.php 第 174 行.
NOTIC: [8] Undefined index: sort D:\wamp\www\crewexam\Home\Lib\Action\UserAction.class.php 第 182 行.
NOTIC: [8] Undefined index: appsearchvalue D:\wamp\www\crewexam\Home\Lib\Action\UserAction.class.php 第 191 行.
SQL: SHOW COLUMNS FROM `think_app` [ RunTime:0.004848s ]
SQL: SELECT COUNT(*) AS tp_count FROM `think_app` WHERE ( `id` NOT IN ('1','2') ) AND ( `isdel` = 0 ) LIMIT 1   [ RunTime:0.000315s ]
NOTIC: [8] Undefined variable: order D:\wamp\www\crewexam\Home\Lib\Action\UserAction.class.php 第 202 行.
SQL: SELECT * FROM `think_app` WHERE ( `id` NOT IN ('1','2') ) AND ( `isdel` = 0 ) LIMIT 0,12   [ RunTime:0.000278s ]
INFO: [ view_template ] --START--
INFO: Run LocationTemplate Behavior [ RunTime:0.000612s ]
INFO: [ view_template ] --END-- [ RunTime:0.000664s ]
INFO: [ view_parse ] --START--
NOTIC: [8] Undefined offset: 1 D:\wamp\www\crewexam\ThinkPHP\Lib\Driver\TagLib\TagLibCx.class.php 第 524 行.
NOTIC: [8] Undefined offset: 1 D:\wamp\www\crewexam\ThinkPHP\Lib\Driver\TagLib\TagLibCx.class.php 第 524 行.
NOTIC: [8] Undefined offset: 1 D:\wamp\www\crewexam\ThinkPHP\Lib\Driver\TagLib\TagLibCx.class.php 第 524 行.
NOTIC: [8] Undefined offset: 1 D:\wamp\www\crewexam\ThinkPHP\Lib\Driver\TagLib\TagLibCx.class.php 第 524 行.
NOTIC: [8] Undefined variable: pagediscription D:\wamp\www\crewexam\Home\Runtime\Cache\e8cfe0531b665b03e8055f02fe00d48f.php 第 17 行.
NOTIC: [8] Undefined index: gid D:\wamp\www\crewexam\Home\Runtime\Cache\e8cfe0531b665b03e8055f02fe00d48f.php 第 169 行.
NOTIC: [8] Undefined index: gid D:\wamp\www\crewexam\Home\Runtime\Cache\e8cfe0531b665b03e8055f02fe00d48f.php 第 171 行.
NOTIC: [8] Undefined index: gid D:\wamp\www\crewexam\Home\Runtime\Cache\e8cfe0531b665b03e8055f02fe00d48f.php 第 173 行.
NOTIC: [8] Undefined index: gid D:\wamp\www\crewexam\Home\Runtime\Cache\e8cfe0531b665b03e8055f02fe00d48f.php 第 175 行.
NOTIC: [8] Undefined index: gid D:\wamp\www\crewexam\Home\Runtime\Cache\e8cfe0531b665b03e8055f02fe00d48f.php 第 177 行.
NOTIC: [8] Undefined index: gid D:\wamp\www\crewexam\Home\Runtime\Cache\e8cfe0531b665b03e8055f02fe00d48f.php 第 179 行.
NOTIC: [8] Undefined index: gid D:\wamp\www\crewexam\Home\Runtime\Cache\e8cfe0531b665b03e8055f02fe00d48f.php 第 181 行.
NOTIC: [8] Undefined index: gid D:\wamp\www\crewexam\Home\Runtime\Cache\e8cfe0531b665b03e8055f02fe00d48f.php 第 183 行.
NOTIC: [8] Use of undefined constant id - assumed 'id' D:\wamp\www\crewexam\Home\Runtime\Cache\e8cfe0531b665b03e8055f02fe00d48f.php 第 204 行.
NOTIC: [8] Use of undefined constant id - assumed 'id' D:\wamp\www\crewexam\Home\Runtime\Cache\e8cfe0531b665b03e8055f02fe00d48f.php 第 204 行.
NOTIC: [8] Use of undefined constant id - assumed 'id' D:\wamp\www\crewexam\Home\Runtime\Cache\e8cfe0531b665b03e8055f02fe00d48f.php 第 204 行.
NOTIC: [8] Use of undefined constant id - assumed 'id' D:\wamp\www\crewexam\Home\Runtime\Cache\e8cfe0531b665b03e8055f02fe00d48f.php 第 204 行.
INFO: Run ParseTemplate Behavior [ RunTime:0.018654s ]
INFO: [ view_parse ] --END-- [ RunTime:0.018707s ]
INFO: [ view_filter ] --START--
INFO: Run ContentReplace Behavior [ RunTime:0.000337s ]
INFO: Run TokenBuild Behavior [ RunTime:0.000360s ]
INFO: Run WriteHtmlCache Behavior [ RunTime:0.000185s ]
INFO: Run ShowRuntime Behavior [ RunTime:0.000334s ]
INFO: [ view_filter ] --END-- [ RunTime:0.001347s ]
INFO: [ view_end ] --START--
INFO: Run ShowPageTrace Behavior [ RunTime:0.000524s ]
INFO: [ view_end ] --END-- [ RunTime:0.000574s ]

[ 2013-05-03T09:37:54+08:00 ] 127.0.0.1 /index.php/User/buyapp/appid/3?_=1367545074650
INFO: [ route_check ] --START--
INFO: Run CheckRoute Behavior [ RunTime:0.001017s ]
INFO: [ route_check ] --END-- [ RunTime:0.001119s ]
INFO: [ app_begin ] --START--
INFO: Run ReadHtmlCache Behavior [ RunTime:0.000647s ]
INFO: [ app_begin ] --END-- [ RunTime:0.000721s ]
NOTIC: [8] Undefined index: secretkey D:\wamp\www\crewexam\Home\Lib\Action\CommonAction.class.php 第 27 行.
SQL: SHOW COLUMNS FROM `think_app` [ RunTime:0.002134s ]
SQL: SELECT * FROM `think_app` WHERE ( `isdel` = 0 ) AND ( `id` = 3 ) LIMIT 1   [ RunTime:0.000371s ]
INFO: [ view_template ] --START--
INFO: Run LocationTemplate Behavior [ RunTime:0.000631s ]
INFO: [ view_template ] --END-- [ RunTime:0.000694s ]
INFO: [ view_parse ] --START--
INFO: Run ParseTemplate Behavior [ RunTime:0.006028s ]
INFO: [ view_parse ] --END-- [ RunTime:0.006095s ]
INFO: [ view_filter ] --START--
INFO: Run ContentReplace Behavior [ RunTime:0.000279s ]
INFO: Run TokenBuild Behavior [ RunTime:0.000416s ]
INFO: Run WriteHtmlCache Behavior [ RunTime:0.000280s ]
INFO: Run ShowRuntime Behavior [ RunTime:0.000604s ]
INFO: [ view_filter ] --END-- [ RunTime:0.001750s ]
INFO: [ view_end ] --START--
INFO: Run ShowPageTrace Behavior [ RunTime:0.000740s ]
INFO: [ view_end ] --END-- [ RunTime:0.000807s ]

[ 2013-05-03T09:38:03+08:00 ] 127.0.0.1 /index.php/User/buyapp/appid/3?_=1367545082994
INFO: [ route_check ] --START--
INFO: Run CheckRoute Behavior [ RunTime:0.000636s ]
INFO: [ route_check ] --END-- [ RunTime:0.000699s ]
INFO: [ app_begin ] --START--
INFO: Run ReadHtmlCache Behavior [ RunTime:0.000391s ]
INFO: [ app_begin ] --END-- [ RunTime:0.000435s ]
NOTIC: [8] Undefined index: secretkey D:\wamp\www\crewexam\Home\Lib\Action\CommonAction.class.php 第 27 行.
SQL: SHOW COLUMNS FROM `think_app` [ RunTime:0.002503s ]
SQL: SELECT * FROM `think_app` WHERE ( `isdel` = 0 ) AND ( `id` = 3 ) LIMIT 1   [ RunTime:0.000493s ]
INFO: [ view_template ] --START--
INFO: Run LocationTemplate Behavior [ RunTime:0.000436s ]
INFO: [ view_template ] --END-- [ RunTime:0.000486s ]
INFO: [ view_parse ] --START--
INFO: Run ParseTemplate Behavior [ RunTime:0.009344s ]
INFO: [ view_parse ] --END-- [ RunTime:0.009414s ]
INFO: [ view_filter ] --START--
INFO: Run ContentReplace Behavior [ RunTime:0.000292s ]
INFO: Run TokenBuild Behavior [ RunTime:0.000379s ]
INFO: Run WriteHtmlCache Behavior [ RunTime:0.000280s ]
INFO: Run ShowRuntime Behavior [ RunTime:0.000386s ]
INFO: [ view_filter ] --END-- [ RunTime:0.001476s ]
INFO: [ view_end ] --START--
INFO: Run ShowPageTrace Behavior [ RunTime:0.000507s ]
INFO: [ view_end ] --END-- [ RunTime:0.000552s ]

[ 2013-05-03T22:23:23+08:00 ] 127.0.0.1 /
INFO: [ app_begin ] --START--
INFO: Run ReadHtmlCache Behavior [ RunTime:0.001946s ]
INFO: [ app_begin ] --END-- [ RunTime:0.002022s ]
SQL: SHOW COLUMNS FROM `think_config` [ RunTime:0.007419s ]
SQL: SELECT * FROM `think_config`  [ RunTime:0.000324s ]
SQL: SHOW COLUMNS FROM `think_articles` [ RunTime:0.006407s ]
SQL: SELECT * FROM `think_articles` WHERE cid=1 ORDER BY id desc LIMIT 4   [ RunTime:0.003022s ]
SQL: SELECT * FROM `think_articles` WHERE cid=2 ORDER BY id desc LIMIT 4   [ RunTime:0.000310s ]
SQL: SELECT * FROM `think_articles` WHERE id=95 LIMIT 1   [ RunTime:0.000174s ]
INFO: [ view_template ] --START--
INFO: Run LocationTemplate Behavior [ RunTime:0.001828s ]
INFO: [ view_template ] --END-- [ RunTime:0.001915s ]
INFO: [ view_parse ] --START--
NOTIC: [8] Undefined offset: 1 D:\wamp\www\crewexam\ThinkPHP\Lib\Driver\TagLib\TagLibCx.class.php 第 524 行.
NOTIC: [8] Undefined offset: 1 D:\wamp\www\crewexam\ThinkPHP\Lib\Driver\TagLib\TagLibCx.class.php 第 524 行.
NOTIC: [8] Undefined offset: 1 D:\wamp\www\crewexam\ThinkPHP\Lib\Driver\TagLib\TagLibCx.class.php 第 524 行.
NOTIC: [8] Undefined offset: 1 D:\wamp\www\crewexam\ThinkPHP\Lib\Driver\TagLib\TagLibCx.class.php 第 524 行.
NOTIC: [8] Undefined variable: pagediscription D:\wamp\www\crewexam\Home\Runtime\Cache\71191d06e3a1515d6f2539df23c89c2b.php 第 17 行.
NOTIC: [8] Undefined index: user_id D:\wamp\www\crewexam\Home\Runtime\Cache\71191d06e3a1515d6f2539df23c89c2b.php 第 50 行.
INFO: Run ParseTemplate Behavior [ RunTime:0.030947s ]
INFO: [ view_parse ] --END-- [ RunTime:0.031021s ]
INFO: [ view_filter ] --START--
INFO: Run ContentReplace Behavior [ RunTime:0.000767s ]
INFO: Run TokenBuild Behavior [ RunTime:0.000801s ]
INFO: Run WriteHtmlCache Behavior [ RunTime:0.000570s ]
INFO: Run ShowRuntime Behavior [ RunTime:0.000695s ]
INFO: [ view_filter ] --END-- [ RunTime:0.002974s ]
INFO: [ view_end ] --START--
INFO: Run ShowPageTrace Behavior [ RunTime:0.000833s ]
INFO: [ view_end ] --END-- [ RunTime:0.000886s ]

[ 2013-05-03T22:23:23+08:00 ] 127.0.0.1 /
INFO: [ app_begin ] --START--
INFO: Run ReadHtmlCache Behavior [ RunTime:0.000424s ]
INFO: [ app_begin ] --END-- [ RunTime:0.000514s ]
SQL: SHOW COLUMNS FROM `think_articles` [ RunTime:0.001571s ]
SQL: SELECT * FROM `think_articles` WHERE cid=1 ORDER BY id desc LIMIT 4   [ RunTime:0.000384s ]
SQL: SELECT * FROM `think_articles` WHERE cid=2 ORDER BY id desc LIMIT 4   [ RunTime:0.000243s ]
SQL: SELECT * FROM `think_articles` WHERE id=95 LIMIT 1   [ RunTime:0.000132s ]
INFO: [ view_template ] --START--
INFO: Run LocationTemplate Behavior [ RunTime:0.000395s ]
INFO: [ view_template ] --END-- [ RunTime:0.000466s ]
INFO: [ view_parse ] --START--
NOTIC: [8] Undefined offset: 1 D:\wamp\www\crewexam\ThinkPHP\Lib\Driver\TagLib\TagLibCx.class.php 第 524 行.
NOTIC: [8] Undefined offset: 1 D:\wamp\www\crewexam\ThinkPHP\Lib\Driver\TagLib\TagLibCx.class.php 第 524 行.
NOTIC: [8] Undefined offset: 1 D:\wamp\www\crewexam\ThinkPHP\Lib\Driver\TagLib\TagLibCx.class.php 第 524 行.
NOTIC: [8] Undefined offset: 1 D:\wamp\www\crewexam\ThinkPHP\Lib\Driver\TagLib\TagLibCx.class.php 第 524 行.
NOTIC: [8] Undefined variable: pagediscription D:\wamp\www\crewexam\Home\Runtime\Cache\71191d06e3a1515d6f2539df23c89c2b.php 第 17 行.
NOTIC: [8] Undefined index: user_id D:\wamp\www\crewexam\Home\Runtime\Cache\71191d06e3a1515d6f2539df23c89c2b.php 第 50 行.
INFO: Run ParseTemplate Behavior [ RunTime:0.016689s ]
INFO: [ view_parse ] --END-- [ RunTime:0.016747s ]
INFO: [ view_filter ] --START--
INFO: Run ContentReplace Behavior [ RunTime:0.000348s ]
INFO: Run TokenBuild Behavior [ RunTime:0.000348s ]
INFO: Run WriteHtmlCache Behavior [ RunTime:0.000192s ]
INFO: Run ShowRuntime Behavior [ RunTime:0.000359s ]
INFO: [ view_filter ] --END-- [ RunTime:0.001375s ]
INFO: [ view_end ] --START--
INFO: Run ShowPageTrace Behavior [ RunTime:0.000457s ]
INFO: [ view_end ] --END-- [ RunTime:0.000502s ]

[ 2013-05-03T22:23:23+08:00 ] 127.0.0.1 /
INFO: [ app_begin ] --START--
INFO: Run ReadHtmlCache Behavior [ RunTime:0.000454s ]
INFO: [ app_begin ] --END-- [ RunTime:0.000525s ]
SQL: SHOW COLUMNS FROM `think_articles` [ RunTime:0.001620s ]
SQL: SELECT * FROM `think_articles` WHERE cid=1 ORDER BY id desc LIMIT 4   [ RunTime:0.000385s ]
SQL: SELECT * FROM `think_articles` WHERE cid=2 ORDER BY id desc LIMIT 4   [ RunTime:0.000244s ]
SQL: SELECT * FROM `think_articles` WHERE id=95 LIMIT 1   [ RunTime:0.000135s ]
INFO: [ view_template ] --START--
INFO: Run LocationTemplate Behavior [ RunTime:0.000688s ]
INFO: [ view_template ] --END-- [ RunTime:0.000761s ]
INFO: [ view_parse ] --START--
NOTIC: [8] Undefined offset: 1 D:\wamp\www\crewexam\ThinkPHP\Lib\Driver\TagLib\TagLibCx.class.php 第 524 行.
NOTIC: [8] Undefined offset: 1 D:\wamp\www\crewexam\ThinkPHP\Lib\Driver\TagLib\TagLibCx.class.php 第 524 行.
NOTIC: [8] Undefined offset: 1 D:\wamp\www\crewexam\ThinkPHP\Lib\Driver\TagLib\TagLibCx.class.php 第 524 行.
NOTIC: [8] Undefined offset: 1 D:\wamp\www\crewexam\ThinkPHP\Lib\Driver\TagLib\TagLibCx.class.php 第 524 行.
NOTIC: [8] Undefined variable: pagediscription D:\wamp\www\crewexam\Home\Runtime\Cache\71191d06e3a1515d6f2539df23c89c2b.php 第 17 行.
NOTIC: [8] Undefined index: user_id D:\wamp\www\crewexam\Home\Runtime\Cache\71191d06e3a1515d6f2539df23c89c2b.php 第 50 行.
INFO: Run ParseTemplate Behavior [ RunTime:0.022914s ]
INFO: [ view_parse ] --END-- [ RunTime:0.022979s ]
INFO: [ view_filter ] --START--
INFO: Run ContentReplace Behavior [ RunTime:0.000500s ]
INFO: Run TokenBuild Behavior [ RunTime:0.000566s ]
INFO: Run WriteHtmlCache Behavior [ RunTime:0.000286s ]
INFO: Run ShowRuntime Behavior [ RunTime:0.000436s ]
INFO: [ view_filter ] --END-- [ RunTime:0.001931s ]
INFO: [ view_end ] --START--
INFO: Run ShowPageTrace Behavior [ RunTime:0.000553s ]
INFO: [ view_end ] --END-- [ RunTime:0.000603s ]

[ 2013-05-03T22:23:23+08:00 ] 127.0.0.1 /
INFO: [ app_begin ] --START--
INFO: Run ReadHtmlCache Behavior [ RunTime:0.000563s ]
INFO: [ app_begin ] --END-- [ RunTime:0.000634s ]
SQL: SHOW COLUMNS FROM `think_articles` [ RunTime:0.001928s ]
SQL: SELECT * FROM `think_articles` WHERE cid=1 ORDER BY id desc LIMIT 4   [ RunTime:0.000478s ]
SQL: SELECT * FROM `think_articles` WHERE cid=2 ORDER BY id desc LIMIT 4   [ RunTime:0.000269s ]
SQL: SELECT * FROM `think_articles` WHERE id=95 LIMIT 1   [ RunTime:0.000137s ]
INFO: [ view_template ] --START--
INFO: Run LocationTemplate Behavior [ RunTime:0.000685s ]
INFO: [ view_template ] --END-- [ RunTime:0.000752s ]
INFO: [ view_parse ] --START--
NOTIC: [8] Undefined offset: 1 D:\wamp\www\crewexam\ThinkPHP\Lib\Driver\TagLib\TagLibCx.class.php 第 524 行.
NOTIC: [8] Undefined offset: 1 D:\wamp\www\crewexam\ThinkPHP\Lib\Driver\TagLib\TagLibCx.class.php 第 524 行.
NOTIC: [8] Undefined offset: 1 D:\wamp\www\crewexam\ThinkPHP\Lib\Driver\TagLib\TagLibCx.class.php 第 524 行.
NOTIC: [8] Undefined offset: 1 D:\wamp\www\crewexam\ThinkPHP\Lib\Driver\TagLib\TagLibCx.class.php 第 524 行.
NOTIC: [8] Undefined variable: pagediscription D:\wamp\www\crewexam\Home\Runtime\Cache\71191d06e3a1515d6f2539df23c89c2b.php 第 17 行.
NOTIC: [8] Undefined index: user_id D:\wamp\www\crewexam\Home\Runtime\Cache\71191d06e3a1515d6f2539df23c89c2b.php 第 50 行.
INFO: Run ParseTemplate Behavior [ RunTime:0.023935s ]
INFO: [ view_parse ] --END-- [ RunTime:0.023994s ]
INFO: [ view_filter ] --START--
INFO: Run ContentReplace Behavior [ RunTime:0.000419s ]
INFO: Run TokenBuild Behavior [ RunTime:0.000527s ]
INFO: Run WriteHtmlCache Behavior [ RunTime:0.000257s ]
INFO: Run ShowRuntime Behavior [ RunTime:0.000414s ]
INFO: [ view_filter ] --END-- [ RunTime:0.001749s ]
INFO: [ view_end ] --START--
INFO: Run ShowPageTrace Behavior [ RunTime:0.000521s ]
INFO: [ view_end ] --END-- [ RunTime:0.000565s ]

[ 2013-05-03T22:23:33+08:00 ] 127.0.0.1 /public/news/id/94
INFO: [ route_check ] --START--
INFO: Run CheckRoute Behavior [ RunTime:0.000806s ]
INFO: [ route_check ] --END-- [ RunTime:0.000871s ]
INFO: [ app_begin ] --START--
INFO: Run ReadHtmlCache Behavior [ RunTime:0.000447s ]
INFO: [ app_begin ] --END-- [ RunTime:0.000496s ]
SQL: SHOW COLUMNS FROM `think_articles` [ RunTime:0.001688s ]
SQL: SELECT * FROM `think_articles` WHERE id=94 LIMIT 1   [ RunTime:0.000331s ]
SQL: SELECT * FROM `think_articles` WHERE cid=1 ORDER BY rand() LIMIT 6   [ RunTime:0.002507s ]
INFO: [ view_template ] --START--
INFO: Run LocationTemplate Behavior [ RunTime:0.001101s ]
INFO: [ view_template ] --END-- [ RunTime:0.001158s ]
INFO: [ view_parse ] --START--
NOTIC: [8] Undefined offset: 1 D:\wamp\www\crewexam\ThinkPHP\Lib\Driver\TagLib\TagLibCx.class.php 第 524 行.
NOTIC: [8] Undefined offset: 1 D:\wamp\www\crewexam\ThinkPHP\Lib\Driver\TagLib\TagLibCx.class.php 第 524 行.
NOTIC: [8] Undefined offset: 1 D:\wamp\www\crewexam\ThinkPHP\Lib\Driver\TagLib\TagLibCx.class.php 第 524 行.
NOTIC: [8] Undefined offset: 1 D:\wamp\www\crewexam\ThinkPHP\Lib\Driver\TagLib\TagLibCx.class.php 第 524 行.
NOTIC: [8] Undefined index: user_id D:\wamp\www\crewexam\Home\Runtime\Cache\6c9b16b7244619e61caaeeb104c3a0d9.php 第 25 行.
INFO: Run ParseTemplate Behavior [ RunTime:0.023378s ]
INFO: [ view_parse ] --END-- [ RunTime:0.023437s ]
INFO: [ view_filter ] --START--
INFO: Run ContentReplace Behavior [ RunTime:0.000436s ]
INFO: Run TokenBuild Behavior [ RunTime:0.000516s ]
INFO: Run WriteHtmlCache Behavior [ RunTime:0.000257s ]
INFO: Run ShowRuntime Behavior [ RunTime:0.000423s ]
INFO: [ view_filter ] --END-- [ RunTime:0.001778s ]
INFO: [ view_end ] --START--
INFO: Run ShowPageTrace Behavior [ RunTime:0.000522s ]
INFO: [ view_end ] --END-- [ RunTime:0.000575s ]

[ 2013-05-03T22:23:37+08:00 ] 127.0.0.1 /
INFO: [ app_begin ] --START--
INFO: Run ReadHtmlCache Behavior [ RunTime:0.000878s ]
INFO: [ app_begin ] --END-- [ RunTime:0.000983s ]
SQL: SHOW COLUMNS FROM `think_articles` [ RunTime:0.001845s ]
SQL: SELECT * FROM `think_articles` WHERE cid=1 ORDER BY id desc LIMIT 4   [ RunTime:0.000514s ]
SQL: SELECT * FROM `think_articles` WHERE cid=2 ORDER BY id desc LIMIT 4   [ RunTime:0.000310s ]
SQL: SELECT * FROM `think_articles` WHERE id=95 LIMIT 1   [ RunTime:0.000198s ]
INFO: [ view_template ] --START--
INFO: Run LocationTemplate Behavior [ RunTime:0.000722s ]
INFO: [ view_template ] --END-- [ RunTime:0.000787s ]
INFO: [ view_parse ] --START--
NOTIC: [8] Undefined offset: 1 D:\wamp\www\crewexam\ThinkPHP\Lib\Driver\TagLib\TagLibCx.class.php 第 524 行.
NOTIC: [8] Undefined offset: 1 D:\wamp\www\crewexam\ThinkPHP\Lib\Driver\TagLib\TagLibCx.class.php 第 524 行.
NOTIC: [8] Undefined offset: 1 D:\wamp\www\crewexam\ThinkPHP\Lib\Driver\TagLib\TagLibCx.class.php 第 524 行.
NOTIC: [8] Undefined offset: 1 D:\wamp\www\crewexam\ThinkPHP\Lib\Driver\TagLib\TagLibCx.class.php 第 524 行.
NOTIC: [8] Undefined variable: pagediscription D:\wamp\www\crewexam\Home\Runtime\Cache\71191d06e3a1515d6f2539df23c89c2b.php 第 17 行.
NOTIC: [8] Undefined index: user_id D:\wamp\www\crewexam\Home\Runtime\Cache\71191d06e3a1515d6f2539df23c89c2b.php 第 50 行.
INFO: Run ParseTemplate Behavior [ RunTime:0.026579s ]
INFO: [ view_parse ] --END-- [ RunTime:0.026652s ]
INFO: [ view_filter ] --START--
INFO: Run ContentReplace Behavior [ RunTime:0.000460s ]
INFO: Run TokenBuild Behavior [ RunTime:0.000536s ]
INFO: Run WriteHtmlCache Behavior [ RunTime:0.000279s ]
INFO: Run ShowRuntime Behavior [ RunTime:0.000424s ]
INFO: [ view_filter ] --END-- [ RunTime:0.001830s ]
INFO: [ view_end ] --START--
INFO: Run ShowPageTrace Behavior [ RunTime:0.000547s ]
INFO: [ view_end ] --END-- [ RunTime:0.000593s ]

