[ 2013-05-04T08:34:41+08:00 ] 127.0.0.1 /
INFO: [ app_begin ] --START--
INFO: Run ReadHtmlCache Behavior [ RunTime:0.000415s ]
INFO: [ app_begin ] --END-- [ RunTime:0.000520s ]
SQL: SHOW COLUMNS FROM `think_articles` [ RunTime:0.005490s ]
SQL: SELECT * FROM `think_articles` WHERE cid=1 ORDER BY id desc LIMIT 4   [ RunTime:0.001879s ]
SQL: SELECT * FROM `think_articles` WHERE cid=2 ORDER BY id desc LIMIT 4   [ RunTime:0.000342s ]
SQL: SELECT * FROM `think_articles` WHERE id=95 LIMIT 1   [ RunTime:0.000196s ]
INFO: [ view_template ] --START--
INFO: Run LocationTemplate Behavior [ RunTime:0.000783s ]
INFO: [ view_template ] --END-- [ RunTime:0.000842s ]
INFO: [ view_parse ] --START--
NOTIC: [8] Undefined offset: 1 D:\wamp\www\crewexam\ThinkPHP\Lib\Driver\TagLib\TagLibCx.class.php 第 524 行.
NOTIC: [8] Undefined offset: 1 D:\wamp\www\crewexam\ThinkPHP\Lib\Driver\TagLib\TagLibCx.class.php 第 524 行.
NOTIC: [8] Undefined offset: 1 D:\wamp\www\crewexam\ThinkPHP\Lib\Driver\TagLib\TagLibCx.class.php 第 524 行.
NOTIC: [8] Undefined offset: 1 D:\wamp\www\crewexam\ThinkPHP\Lib\Driver\TagLib\TagLibCx.class.php 第 524 行.
NOTIC: [8] Undefined variable: pagediscription D:\wamp\www\crewexam\Home\Runtime\Cache\71191d06e3a1515d6f2539df23c89c2b.php 第 17 行.
NOTIC: [8] Undefined index: user_id D:\wamp\www\crewexam\Home\Runtime\Cache\71191d06e3a1515d6f2539df23c89c2b.php 第 50 行.
INFO: Run ParseTemplate Behavior [ RunTime:0.027972s ]
INFO: [ view_parse ] --END-- [ RunTime:0.028042s ]
INFO: [ view_filter ] --START--
INFO: Run ContentReplace Behavior [ RunTime:0.000448s ]
INFO: Run TokenBuild Behavior [ RunTime:0.000555s ]
INFO: Run WriteHtmlCache Behavior [ RunTime:0.000262s ]
INFO: Run ShowRuntime Behavior [ RunTime:0.000424s ]
INFO: [ view_filter ] --END-- [ RunTime:0.001825s ]
INFO: [ view_end ] --START--
INFO: Run ShowPageTrace Behavior [ RunTime:0.000529s ]
INFO: [ view_end ] --END-- [ RunTime:0.000575s ]

[ 2013-05-04T08:34:41+08:00 ] 127.0.0.1 /
INFO: [ app_begin ] --START--
INFO: Run ReadHtmlCache Behavior [ RunTime:0.000444s ]
INFO: [ app_begin ] --END-- [ RunTime:0.000522s ]
SQL: SHOW COLUMNS FROM `think_articles` [ RunTime:0.001674s ]
SQL: SELECT * FROM `think_articles` WHERE cid=1 ORDER BY id desc LIMIT 4   [ RunTime:0.000395s ]
SQL: SELECT * FROM `think_articles` WHERE cid=2 ORDER BY id desc LIMIT 4   [ RunTime:0.000245s ]
SQL: SELECT * FROM `think_articles` WHERE id=95 LIMIT 1   [ RunTime:0.000133s ]
INFO: [ view_template ] --START--
INFO: Run LocationTemplate Behavior [ RunTime:0.000692s ]
INFO: [ view_template ] --END-- [ RunTime:0.000749s ]
INFO: [ view_parse ] --START--
NOTIC: [8] Undefined offset: 1 D:\wamp\www\crewexam\ThinkPHP\Lib\Driver\TagLib\TagLibCx.class.php 第 524 行.
NOTIC: [8] Undefined offset: 1 D:\wamp\www\crewexam\ThinkPHP\Lib\Driver\TagLib\TagLibCx.class.php 第 524 行.
NOTIC: [8] Undefined offset: 1 D:\wamp\www\crewexam\ThinkPHP\Lib\Driver\TagLib\TagLibCx.class.php 第 524 行.
NOTIC: [8] Undefined offset: 1 D:\wamp\www\crewexam\ThinkPHP\Lib\Driver\TagLib\TagLibCx.class.php 第 524 行.
NOTIC: [8] Undefined variable: pagediscription D:\wamp\www\crewexam\Home\Runtime\Cache\71191d06e3a1515d6f2539df23c89c2b.php 第 17 行.
NOTIC: [8] Undefined index: user_id D:\wamp\www\crewexam\Home\Runtime\Cache\71191d06e3a1515d6f2539df23c89c2b.php 第 50 行.
INFO: Run ParseTemplate Behavior [ RunTime:0.019582s ]
INFO: [ view_parse ] --END-- [ RunTime:0.019654s ]
INFO: [ view_filter ] --START--
INFO: Run ContentReplace Behavior [ RunTime:0.000409s ]
INFO: Run TokenBuild Behavior [ RunTime:0.000368s ]
INFO: Run WriteHtmlCache Behavior [ RunTime:0.000195s ]
INFO: Run ShowRuntime Behavior [ RunTime:0.000357s ]
INFO: [ view_filter ] --END-- [ RunTime:0.001460s ]
INFO: [ view_end ] --START--
INFO: Run ShowPageTrace Behavior [ RunTime:0.000475s ]
INFO: [ view_end ] --END-- [ RunTime:0.000520s ]

[ 2013-05-04T08:34:41+08:00 ] 127.0.0.1 /
INFO: [ app_begin ] --START--
INFO: Run ReadHtmlCache Behavior [ RunTime:0.000656s ]
INFO: [ app_begin ] --END-- [ RunTime:0.000769s ]
SQL: SHOW COLUMNS FROM `think_articles` [ RunTime:0.001730s ]
SQL: SELECT * FROM `think_articles` WHERE cid=1 ORDER BY id desc LIMIT 4   [ RunTime:0.000435s ]
SQL: SELECT * FROM `think_articles` WHERE cid=2 ORDER BY id desc LIMIT 4   [ RunTime:0.000278s ]
SQL: SELECT * FROM `think_articles` WHERE id=95 LIMIT 1   [ RunTime:0.000258s ]
INFO: [ view_template ] --START--
INFO: Run LocationTemplate Behavior [ RunTime:0.000758s ]
INFO: [ view_template ] --END-- [ RunTime:0.000823s ]
INFO: [ view_parse ] --START--
NOTIC: [8] Undefined offset: 1 D:\wamp\www\crewexam\ThinkPHP\Lib\Driver\TagLib\TagLibCx.class.php 第 524 行.
NOTIC: [8] Undefined offset: 1 D:\wamp\www\crewexam\ThinkPHP\Lib\Driver\TagLib\TagLibCx.class.php 第 524 行.
NOTIC: [8] Undefined offset: 1 D:\wamp\www\crewexam\ThinkPHP\Lib\Driver\TagLib\TagLibCx.class.php 第 524 行.
NOTIC: [8] Undefined offset: 1 D:\wamp\www\crewexam\ThinkPHP\Lib\Driver\TagLib\TagLibCx.class.php 第 524 行.
NOTIC: [8] Undefined variable: pagediscription D:\wamp\www\crewexam\Home\Runtime\Cache\71191d06e3a1515d6f2539df23c89c2b.php 第 17 行.
NOTIC: [8] Undefined index: user_id D:\wamp\www\crewexam\Home\Runtime\Cache\71191d06e3a1515d6f2539df23c89c2b.php 第 50 行.
INFO: Run ParseTemplate Behavior [ RunTime:0.023880s ]
INFO: [ view_parse ] --END-- [ RunTime:0.023948s ]
INFO: [ view_filter ] --START--
INFO: Run ContentReplace Behavior [ RunTime:0.000440s ]
INFO: Run TokenBuild Behavior [ RunTime:0.000536s ]
INFO: Run WriteHtmlCache Behavior [ RunTime:0.000259s ]
INFO: Run ShowRuntime Behavior [ RunTime:0.000446s ]
INFO: [ view_filter ] --END-- [ RunTime:0.001817s ]
INFO: [ view_end ] --START--
INFO: Run ShowPageTrace Behavior [ RunTime:0.000528s ]
INFO: [ view_end ] --END-- [ RunTime:0.000574s ]

[ 2013-05-04T08:45:14+08:00 ] 127.0.0.1 /
INFO: [ app_begin ] --START--
INFO: Run ReadHtmlCache Behavior [ RunTime:0.000580s ]
INFO: [ app_begin ] --END-- [ RunTime:0.000651s ]
SQL: SHOW COLUMNS FROM `think_articles` [ RunTime:0.002038s ]
SQL: SELECT * FROM `think_articles` WHERE cid=1 ORDER BY id desc LIMIT 4   [ RunTime:0.000492s ]
SQL: SELECT * FROM `think_articles` WHERE cid=2 ORDER BY id desc LIMIT 4   [ RunTime:0.000322s ]
SQL: SELECT * FROM `think_articles` WHERE id=95 LIMIT 1   [ RunTime:0.000187s ]
INFO: [ view_template ] --START--
INFO: Run LocationTemplate Behavior [ RunTime:0.000733s ]
INFO: [ view_template ] --END-- [ RunTime:0.000795s ]
INFO: [ view_parse ] --START--
NOTIC: [8] Undefined offset: 1 D:\wamp\www\crewexam\ThinkPHP\Lib\Driver\TagLib\TagLibCx.class.php 第 524 行.
NOTIC: [8] Undefined offset: 1 D:\wamp\www\crewexam\ThinkPHP\Lib\Driver\TagLib\TagLibCx.class.php 第 524 行.
NOTIC: [8] Undefined offset: 1 D:\wamp\www\crewexam\ThinkPHP\Lib\Driver\TagLib\TagLibCx.class.php 第 524 行.
NOTIC: [8] Undefined offset: 1 D:\wamp\www\crewexam\ThinkPHP\Lib\Driver\TagLib\TagLibCx.class.php 第 524 行.
NOTIC: [8] Undefined variable: pagediscription D:\wamp\www\crewexam\Home\Runtime\Cache\71191d06e3a1515d6f2539df23c89c2b.php 第 17 行.
NOTIC: [8] Undefined index: user_id D:\wamp\www\crewexam\Home\Runtime\Cache\71191d06e3a1515d6f2539df23c89c2b.php 第 50 行.
INFO: Run ParseTemplate Behavior [ RunTime:0.022769s ]
INFO: [ view_parse ] --END-- [ RunTime:0.022843s ]
INFO: [ view_filter ] --START--
INFO: Run ContentReplace Behavior [ RunTime:0.000508s ]
INFO: Run TokenBuild Behavior [ RunTime:0.000435s ]
INFO: Run WriteHtmlCache Behavior [ RunTime:0.000278s ]
INFO: Run ShowRuntime Behavior [ RunTime:0.000452s ]
INFO: [ view_filter ] --END-- [ RunTime:0.001818s ]
INFO: [ view_end ] --START--
INFO: Run ShowPageTrace Behavior [ RunTime:0.000869s ]
INFO: [ view_end ] --END-- [ RunTime:0.000945s ]

[ 2013-05-04T08:45:39+08:00 ] 127.0.0.1 /
INFO: [ app_begin ] --START--
INFO: Run ReadHtmlCache Behavior [ RunTime:0.000506s ]
INFO: [ app_begin ] --END-- [ RunTime:0.000585s ]
SQL: SHOW COLUMNS FROM `think_articles` [ RunTime:0.002561s ]
SQL: SELECT * FROM `think_articles` WHERE cid=1 ORDER BY id desc LIMIT 4   [ RunTime:0.000575s ]
SQL: SELECT * FROM `think_articles` WHERE cid=2 ORDER BY id desc LIMIT 4   [ RunTime:0.000333s ]
SQL: SELECT * FROM `think_articles` WHERE id=95 LIMIT 1   [ RunTime:0.000332s ]
INFO: [ view_template ] --START--
INFO: Run LocationTemplate Behavior [ RunTime:0.000923s ]
INFO: [ view_template ] --END-- [ RunTime:0.001014s ]
INFO: [ view_parse ] --START--
NOTIC: [8] Undefined offset: 1 D:\wamp\www\crewexam\ThinkPHP\Lib\Driver\TagLib\TagLibCx.class.php 第 524 行.
NOTIC: [8] Undefined offset: 1 D:\wamp\www\crewexam\ThinkPHP\Lib\Driver\TagLib\TagLibCx.class.php 第 524 行.
NOTIC: [8] Undefined offset: 1 D:\wamp\www\crewexam\ThinkPHP\Lib\Driver\TagLib\TagLibCx.class.php 第 524 行.
NOTIC: [8] Undefined offset: 1 D:\wamp\www\crewexam\ThinkPHP\Lib\Driver\TagLib\TagLibCx.class.php 第 524 行.
NOTIC: [8] Undefined variable: pagediscription D:\wamp\www\crewexam\Home\Runtime\Cache\71191d06e3a1515d6f2539df23c89c2b.php 第 17 行.
NOTIC: [8] Undefined index: user_id D:\wamp\www\crewexam\Home\Runtime\Cache\71191d06e3a1515d6f2539df23c89c2b.php 第 50 行.
INFO: Run ParseTemplate Behavior [ RunTime:0.017805s ]
INFO: [ view_parse ] --END-- [ RunTime:0.017900s ]
INFO: [ view_filter ] --START--
INFO: Run ContentReplace Behavior [ RunTime:0.000422s ]
INFO: Run TokenBuild Behavior [ RunTime:0.000373s ]
INFO: Run WriteHtmlCache Behavior [ RunTime:0.000219s ]
INFO: Run ShowRuntime Behavior [ RunTime:0.000390s ]
INFO: [ view_filter ] --END-- [ RunTime:0.001546s ]
INFO: [ view_end ] --START--
INFO: Run ShowPageTrace Behavior [ RunTime:0.000539s ]
INFO: [ view_end ] --END-- [ RunTime:0.000591s ]

[ 2013-05-04T08:46:27+08:00 ] 127.0.0.1 /
INFO: [ app_begin ] --START--
INFO: Run ReadHtmlCache Behavior [ RunTime:0.000465s ]
INFO: [ app_begin ] --END-- [ RunTime:0.000539s ]
SQL: SHOW COLUMNS FROM `think_articles` [ RunTime:0.003832s ]
SQL: SELECT * FROM `think_articles` WHERE cid=1 ORDER BY id desc LIMIT 4   [ RunTime:0.000633s ]
SQL: SELECT * FROM `think_articles` WHERE cid=2 ORDER BY id desc LIMIT 4   [ RunTime:0.000881s ]
SQL: SELECT * FROM `think_articles` WHERE id=95 LIMIT 1   [ RunTime:0.000220s ]
INFO: [ view_template ] --START--
INFO: Run LocationTemplate Behavior [ RunTime:0.000627s ]
INFO: [ view_template ] --END-- [ RunTime:0.000710s ]
INFO: [ view_parse ] --START--
NOTIC: [8] Undefined offset: 1 D:\wamp\www\crewexam\ThinkPHP\Lib\Driver\TagLib\TagLibCx.class.php 第 524 行.
NOTIC: [8] Undefined offset: 1 D:\wamp\www\crewexam\ThinkPHP\Lib\Driver\TagLib\TagLibCx.class.php 第 524 行.
NOTIC: [8] Undefined offset: 1 D:\wamp\www\crewexam\ThinkPHP\Lib\Driver\TagLib\TagLibCx.class.php 第 524 行.
NOTIC: [8] Undefined offset: 1 D:\wamp\www\crewexam\ThinkPHP\Lib\Driver\TagLib\TagLibCx.class.php 第 524 行.
NOTIC: [8] Undefined variable: pagediscription D:\wamp\www\crewexam\Home\Runtime\Cache\71191d06e3a1515d6f2539df23c89c2b.php 第 17 行.
NOTIC: [8] Undefined index: user_id D:\wamp\www\crewexam\Home\Runtime\Cache\71191d06e3a1515d6f2539df23c89c2b.php 第 50 行.
INFO: Run ParseTemplate Behavior [ RunTime:0.018350s ]
INFO: [ view_parse ] --END-- [ RunTime:0.018475s ]
INFO: [ view_filter ] --START--
INFO: Run ContentReplace Behavior [ RunTime:0.000424s ]
INFO: Run TokenBuild Behavior [ RunTime:0.000368s ]
INFO: Run WriteHtmlCache Behavior [ RunTime:0.000207s ]
INFO: Run ShowRuntime Behavior [ RunTime:0.000370s ]
INFO: [ view_filter ] --END-- [ RunTime:0.001505s ]
INFO: [ view_end ] --START--
INFO: Run ShowPageTrace Behavior [ RunTime:0.000475s ]
INFO: [ view_end ] --END-- [ RunTime:0.000521s ]

[ 2013-05-04T08:46:28+08:00 ] 127.0.0.1 /
INFO: [ app_begin ] --START--
INFO: Run ReadHtmlCache Behavior [ RunTime:0.000432s ]
INFO: [ app_begin ] --END-- [ RunTime:0.000504s ]
SQL: SHOW COLUMNS FROM `think_articles` [ RunTime:0.001691s ]
SQL: SELECT * FROM `think_articles` WHERE cid=1 ORDER BY id desc LIMIT 4   [ RunTime:0.000543s ]
SQL: SELECT * FROM `think_articles` WHERE cid=2 ORDER BY id desc LIMIT 4   [ RunTime:0.000392s ]
SQL: SELECT * FROM `think_articles` WHERE id=95 LIMIT 1   [ RunTime:0.000187s ]
INFO: [ view_template ] --START--
INFO: Run LocationTemplate Behavior [ RunTime:0.000674s ]
INFO: [ view_template ] --END-- [ RunTime:0.000739s ]
INFO: [ view_parse ] --START--
NOTIC: [8] Undefined offset: 1 D:\wamp\www\crewexam\ThinkPHP\Lib\Driver\TagLib\TagLibCx.class.php 第 524 行.
NOTIC: [8] Undefined offset: 1 D:\wamp\www\crewexam\ThinkPHP\Lib\Driver\TagLib\TagLibCx.class.php 第 524 行.
NOTIC: [8] Undefined offset: 1 D:\wamp\www\crewexam\ThinkPHP\Lib\Driver\TagLib\TagLibCx.class.php 第 524 行.
NOTIC: [8] Undefined offset: 1 D:\wamp\www\crewexam\ThinkPHP\Lib\Driver\TagLib\TagLibCx.class.php 第 524 行.
NOTIC: [8] Undefined variable: pagediscription D:\wamp\www\crewexam\Home\Runtime\Cache\71191d06e3a1515d6f2539df23c89c2b.php 第 17 行.
NOTIC: [8] Undefined index: user_id D:\wamp\www\crewexam\Home\Runtime\Cache\71191d06e3a1515d6f2539df23c89c2b.php 第 50 行.
INFO: Run ParseTemplate Behavior [ RunTime:0.017121s ]
INFO: [ view_parse ] --END-- [ RunTime:0.017192s ]
INFO: [ view_filter ] --START--
INFO: Run ContentReplace Behavior [ RunTime:0.000414s ]
INFO: Run TokenBuild Behavior [ RunTime:0.000368s ]
INFO: Run WriteHtmlCache Behavior [ RunTime:0.000204s ]
INFO: Run ShowRuntime Behavior [ RunTime:0.000370s ]
INFO: [ view_filter ] --END-- [ RunTime:0.001492s ]
INFO: [ view_end ] --START--
INFO: Run ShowPageTrace Behavior [ RunTime:0.000486s ]
INFO: [ view_end ] --END-- [ RunTime:0.000534s ]

[ 2013-05-04T08:47:35+08:00 ] 127.0.0.1 /
INFO: [ app_begin ] --START--
INFO: Run ReadHtmlCache Behavior [ RunTime:0.000500s ]
INFO: [ app_begin ] --END-- [ RunTime:0.000581s ]
SQL: SHOW COLUMNS FROM `think_articles` [ RunTime:0.001932s ]
SQL: SELECT * FROM `think_articles` WHERE cid=1 ORDER BY id desc LIMIT 4   [ RunTime:0.000625s ]
SQL: SELECT * FROM `think_articles` WHERE cid=2 ORDER BY id desc LIMIT 4   [ RunTime:0.000398s ]
SQL: SELECT * FROM `think_articles` WHERE id=95 LIMIT 1   [ RunTime:0.000197s ]
INFO: [ view_template ] --START--
INFO: Run LocationTemplate Behavior [ RunTime:0.000624s ]
INFO: [ view_template ] --END-- [ RunTime:0.000685s ]
INFO: [ view_parse ] --START--
NOTIC: [8] Undefined offset: 1 D:\wamp\www\crewexam\ThinkPHP\Lib\Driver\TagLib\TagLibCx.class.php 第 524 行.
NOTIC: [8] Undefined offset: 1 D:\wamp\www\crewexam\ThinkPHP\Lib\Driver\TagLib\TagLibCx.class.php 第 524 行.
NOTIC: [8] Undefined offset: 1 D:\wamp\www\crewexam\ThinkPHP\Lib\Driver\TagLib\TagLibCx.class.php 第 524 行.
NOTIC: [8] Undefined offset: 1 D:\wamp\www\crewexam\ThinkPHP\Lib\Driver\TagLib\TagLibCx.class.php 第 524 行.
NOTIC: [8] Undefined variable: pagediscription D:\wamp\www\crewexam\Home\Runtime\Cache\71191d06e3a1515d6f2539df23c89c2b.php 第 17 行.
NOTIC: [8] Undefined index: user_id D:\wamp\www\crewexam\Home\Runtime\Cache\71191d06e3a1515d6f2539df23c89c2b.php 第 50 行.
INFO: Run ParseTemplate Behavior [ RunTime:0.022716s ]
INFO: [ view_parse ] --END-- [ RunTime:0.022791s ]
INFO: [ view_filter ] --START--
INFO: Run ContentReplace Behavior [ RunTime:0.000415s ]
INFO: Run TokenBuild Behavior [ RunTime:0.000362s ]
INFO: Run WriteHtmlCache Behavior [ RunTime:0.000205s ]
INFO: Run ShowRuntime Behavior [ RunTime:0.000375s ]
INFO: [ view_filter ] --END-- [ RunTime:0.001496s ]
INFO: [ view_end ] --START--
INFO: Run ShowPageTrace Behavior [ RunTime:0.000490s ]
INFO: [ view_end ] --END-- [ RunTime:0.000541s ]

[ 2013-05-04T08:47:35+08:00 ] 127.0.0.1 /
INFO: [ app_begin ] --START--
INFO: Run ReadHtmlCache Behavior [ RunTime:0.000467s ]
INFO: [ app_begin ] --END-- [ RunTime:0.000551s ]
SQL: SHOW COLUMNS FROM `think_articles` [ RunTime:0.001867s ]
SQL: SELECT * FROM `think_articles` WHERE cid=1 ORDER BY id desc LIMIT 4   [ RunTime:0.000563s ]
SQL: SELECT * FROM `think_articles` WHERE cid=2 ORDER BY id desc LIMIT 4   [ RunTime:0.000439s ]
SQL: SELECT * FROM `think_articles` WHERE id=95 LIMIT 1   [ RunTime:0.000178s ]
INFO: [ view_template ] --START--
INFO: Run LocationTemplate Behavior [ RunTime:0.001283s ]
INFO: [ view_template ] --END-- [ RunTime:0.001368s ]
INFO: [ view_parse ] --START--
NOTIC: [8] Undefined offset: 1 D:\wamp\www\crewexam\ThinkPHP\Lib\Driver\TagLib\TagLibCx.class.php 第 524 行.
NOTIC: [8] Undefined offset: 1 D:\wamp\www\crewexam\ThinkPHP\Lib\Driver\TagLib\TagLibCx.class.php 第 524 行.
NOTIC: [8] Undefined offset: 1 D:\wamp\www\crewexam\ThinkPHP\Lib\Driver\TagLib\TagLibCx.class.php 第 524 行.
NOTIC: [8] Undefined offset: 1 D:\wamp\www\crewexam\ThinkPHP\Lib\Driver\TagLib\TagLibCx.class.php 第 524 行.
NOTIC: [8] Undefined variable: pagediscription D:\wamp\www\crewexam\Home\Runtime\Cache\71191d06e3a1515d6f2539df23c89c2b.php 第 17 行.
NOTIC: [8] Undefined index: user_id D:\wamp\www\crewexam\Home\Runtime\Cache\71191d06e3a1515d6f2539df23c89c2b.php 第 50 行.
INFO: Run ParseTemplate Behavior [ RunTime:0.028588s ]
INFO: [ view_parse ] --END-- [ RunTime:0.028674s ]
INFO: [ view_filter ] --START--
INFO: Run ContentReplace Behavior [ RunTime:0.000446s ]
INFO: Run TokenBuild Behavior [ RunTime:0.000379s ]
INFO: Run WriteHtmlCache Behavior [ RunTime:0.000209s ]
INFO: Run ShowRuntime Behavior [ RunTime:0.000567s ]
INFO: [ view_filter ] --END-- [ RunTime:0.001787s ]
INFO: [ view_end ] --START--
INFO: Run ShowPageTrace Behavior [ RunTime:0.000623s ]
INFO: [ view_end ] --END-- [ RunTime:0.000677s ]

[ 2013-05-04T08:47:36+08:00 ] 127.0.0.1 /
INFO: [ app_begin ] --START--
INFO: Run ReadHtmlCache Behavior [ RunTime:0.000426s ]
INFO: [ app_begin ] --END-- [ RunTime:0.000496s ]
SQL: SHOW COLUMNS FROM `think_articles` [ RunTime:0.001754s ]
SQL: SELECT * FROM `think_articles` WHERE cid=1 ORDER BY id desc LIMIT 4   [ RunTime:0.000485s ]
SQL: SELECT * FROM `think_articles` WHERE cid=2 ORDER BY id desc LIMIT 4   [ RunTime:0.000300s ]
SQL: SELECT * FROM `think_articles` WHERE id=95 LIMIT 1   [ RunTime:0.000280s ]
INFO: [ view_template ] --START--
INFO: Run LocationTemplate Behavior [ RunTime:0.000709s ]
INFO: [ view_template ] --END-- [ RunTime:0.000785s ]
INFO: [ view_parse ] --START--
NOTIC: [8] Undefined offset: 1 D:\wamp\www\crewexam\ThinkPHP\Lib\Driver\TagLib\TagLibCx.class.php 第 524 行.
NOTIC: [8] Undefined offset: 1 D:\wamp\www\crewexam\ThinkPHP\Lib\Driver\TagLib\TagLibCx.class.php 第 524 行.
NOTIC: [8] Undefined offset: 1 D:\wamp\www\crewexam\ThinkPHP\Lib\Driver\TagLib\TagLibCx.class.php 第 524 行.
NOTIC: [8] Undefined offset: 1 D:\wamp\www\crewexam\ThinkPHP\Lib\Driver\TagLib\TagLibCx.class.php 第 524 行.
NOTIC: [8] Undefined variable: pagediscription D:\wamp\www\crewexam\Home\Runtime\Cache\71191d06e3a1515d6f2539df23c89c2b.php 第 17 行.
NOTIC: [8] Undefined index: user_id D:\wamp\www\crewexam\Home\Runtime\Cache\71191d06e3a1515d6f2539df23c89c2b.php 第 50 行.
INFO: Run ParseTemplate Behavior [ RunTime:0.018661s ]
INFO: [ view_parse ] --END-- [ RunTime:0.018745s ]
INFO: [ view_filter ] --START--
INFO: Run ContentReplace Behavior [ RunTime:0.000539s ]
INFO: Run TokenBuild Behavior [ RunTime:0.000475s ]
INFO: Run WriteHtmlCache Behavior [ RunTime:0.000261s ]
INFO: Run ShowRuntime Behavior [ RunTime:0.000370s ]
INFO: [ view_filter ] --END-- [ RunTime:0.001791s ]
INFO: [ view_end ] --START--
INFO: Run ShowPageTrace Behavior [ RunTime:0.000466s ]
INFO: [ view_end ] --END-- [ RunTime:0.000512s ]

[ 2013-05-04T08:48:56+08:00 ] 127.0.0.1 /
INFO: [ app_begin ] --START--
INFO: Run ReadHtmlCache Behavior [ RunTime:0.000467s ]
INFO: [ app_begin ] --END-- [ RunTime:0.000537s ]
SQL: SHOW COLUMNS FROM `think_articles` [ RunTime:0.001644s ]
SQL: SELECT * FROM `think_articles` WHERE cid=1 ORDER BY id desc LIMIT 4   [ RunTime:0.000858s ]
SQL: SELECT * FROM `think_articles` WHERE cid=2 ORDER BY id desc LIMIT 4   [ RunTime:0.000369s ]
SQL: SELECT * FROM `think_articles` WHERE id=95 LIMIT 1   [ RunTime:0.000176s ]
INFO: [ view_template ] --START--
INFO: Run LocationTemplate Behavior [ RunTime:0.000635s ]
INFO: [ view_template ] --END-- [ RunTime:0.000701s ]
INFO: [ view_parse ] --START--
NOTIC: [8] Undefined offset: 1 D:\wamp\www\crewexam\ThinkPHP\Lib\Driver\TagLib\TagLibCx.class.php 第 524 行.
NOTIC: [8] Undefined offset: 1 D:\wamp\www\crewexam\ThinkPHP\Lib\Driver\TagLib\TagLibCx.class.php 第 524 行.
NOTIC: [8] Undefined offset: 1 D:\wamp\www\crewexam\ThinkPHP\Lib\Driver\TagLib\TagLibCx.class.php 第 524 行.
NOTIC: [8] Undefined offset: 1 D:\wamp\www\crewexam\ThinkPHP\Lib\Driver\TagLib\TagLibCx.class.php 第 524 行.
NOTIC: [8] Undefined variable: pagediscription D:\wamp\www\crewexam\Home\Runtime\Cache\71191d06e3a1515d6f2539df23c89c2b.php 第 17 行.
NOTIC: [8] Undefined index: user_id D:\wamp\www\crewexam\Home\Runtime\Cache\71191d06e3a1515d6f2539df23c89c2b.php 第 50 行.
INFO: Run ParseTemplate Behavior [ RunTime:0.018115s ]
INFO: [ view_parse ] --END-- [ RunTime:0.018198s ]
INFO: [ view_filter ] --START--
INFO: Run ContentReplace Behavior [ RunTime:0.000403s ]
INFO: Run TokenBuild Behavior [ RunTime:0.000363s ]
INFO: Run WriteHtmlCache Behavior [ RunTime:0.000209s ]
INFO: Run ShowRuntime Behavior [ RunTime:0.000368s ]
INFO: [ view_filter ] --END-- [ RunTime:0.001478s ]
INFO: [ view_end ] --START--
INFO: Run ShowPageTrace Behavior [ RunTime:0.000513s ]
INFO: [ view_end ] --END-- [ RunTime:0.000563s ]

[ 2013-05-04T08:48:56+08:00 ] 127.0.0.1 /
INFO: [ app_begin ] --START--
INFO: Run ReadHtmlCache Behavior [ RunTime:0.000520s ]
INFO: [ app_begin ] --END-- [ RunTime:0.000603s ]
SQL: SHOW COLUMNS FROM `think_articles` [ RunTime:0.002770s ]
SQL: SELECT * FROM `think_articles` WHERE cid=1 ORDER BY id desc LIMIT 4   [ RunTime:0.000451s ]
SQL: SELECT * FROM `think_articles` WHERE cid=2 ORDER BY id desc LIMIT 4   [ RunTime:0.000272s ]
SQL: SELECT * FROM `think_articles` WHERE id=95 LIMIT 1   [ RunTime:0.000145s ]
INFO: [ view_template ] --START--
INFO: Run LocationTemplate Behavior [ RunTime:0.000428s ]
INFO: [ view_template ] --END-- [ RunTime:0.000488s ]
INFO: [ view_parse ] --START--
NOTIC: [8] Undefined offset: 1 D:\wamp\www\crewexam\ThinkPHP\Lib\Driver\TagLib\TagLibCx.class.php 第 524 行.
NOTIC: [8] Undefined offset: 1 D:\wamp\www\crewexam\ThinkPHP\Lib\Driver\TagLib\TagLibCx.class.php 第 524 行.
NOTIC: [8] Undefined offset: 1 D:\wamp\www\crewexam\ThinkPHP\Lib\Driver\TagLib\TagLibCx.class.php 第 524 行.
NOTIC: [8] Undefined offset: 1 D:\wamp\www\crewexam\ThinkPHP\Lib\Driver\TagLib\TagLibCx.class.php 第 524 行.
NOTIC: [8] Undefined variable: pagediscription D:\wamp\www\crewexam\Home\Runtime\Cache\71191d06e3a1515d6f2539df23c89c2b.php 第 17 行.
NOTIC: [8] Undefined index: user_id D:\wamp\www\crewexam\Home\Runtime\Cache\71191d06e3a1515d6f2539df23c89c2b.php 第 50 行.
INFO: Run ParseTemplate Behavior [ RunTime:0.016119s ]
INFO: [ view_parse ] --END-- [ RunTime:0.016198s ]
INFO: [ view_filter ] --START--
INFO: Run ContentReplace Behavior [ RunTime:0.000463s ]
INFO: Run TokenBuild Behavior [ RunTime:0.000393s ]
INFO: Run WriteHtmlCache Behavior [ RunTime:0.000203s ]
INFO: Run ShowRuntime Behavior [ RunTime:0.000367s ]
INFO: [ view_filter ] --END-- [ RunTime:0.001577s ]
INFO: [ view_end ] --START--
INFO: Run ShowPageTrace Behavior [ RunTime:0.000464s ]
INFO: [ view_end ] --END-- [ RunTime:0.000510s ]

[ 2013-05-04T08:48:57+08:00 ] 127.0.0.1 /
INFO: [ app_begin ] --START--
INFO: Run ReadHtmlCache Behavior [ RunTime:0.000408s ]
INFO: [ app_begin ] --END-- [ RunTime:0.000479s ]
SQL: SHOW COLUMNS FROM `think_articles` [ RunTime:0.001667s ]
SQL: SELECT * FROM `think_articles` WHERE cid=1 ORDER BY id desc LIMIT 4   [ RunTime:0.000674s ]
SQL: SELECT * FROM `think_articles` WHERE cid=2 ORDER BY id desc LIMIT 4   [ RunTime:0.000496s ]
SQL: SELECT * FROM `think_articles` WHERE id=95 LIMIT 1   [ RunTime:0.000220s ]
INFO: [ view_template ] --START--
INFO: Run LocationTemplate Behavior [ RunTime:0.000857s ]
INFO: [ view_template ] --END-- [ RunTime:0.000943s ]
INFO: [ view_parse ] --START--
NOTIC: [8] Undefined offset: 1 D:\wamp\www\crewexam\ThinkPHP\Lib\Driver\TagLib\TagLibCx.class.php 第 524 行.
NOTIC: [8] Undefined offset: 1 D:\wamp\www\crewexam\ThinkPHP\Lib\Driver\TagLib\TagLibCx.class.php 第 524 行.
NOTIC: [8] Undefined offset: 1 D:\wamp\www\crewexam\ThinkPHP\Lib\Driver\TagLib\TagLibCx.class.php 第 524 行.
NOTIC: [8] Undefined offset: 1 D:\wamp\www\crewexam\ThinkPHP\Lib\Driver\TagLib\TagLibCx.class.php 第 524 行.
NOTIC: [8] Undefined variable: pagediscription D:\wamp\www\crewexam\Home\Runtime\Cache\71191d06e3a1515d6f2539df23c89c2b.php 第 17 行.
NOTIC: [8] Undefined index: user_id D:\wamp\www\crewexam\Home\Runtime\Cache\71191d06e3a1515d6f2539df23c89c2b.php 第 50 行.
INFO: Run ParseTemplate Behavior [ RunTime:0.017601s ]
INFO: [ view_parse ] --END-- [ RunTime:0.017698s ]
INFO: [ view_filter ] --START--
INFO: Run ContentReplace Behavior [ RunTime:0.000398s ]
INFO: Run TokenBuild Behavior [ RunTime:0.000363s ]
INFO: Run WriteHtmlCache Behavior [ RunTime:0.000214s ]
INFO: Run ShowRuntime Behavior [ RunTime:0.000377s ]
INFO: [ view_filter ] --END-- [ RunTime:0.001490s ]
INFO: [ view_end ] --START--
INFO: Run ShowPageTrace Behavior [ RunTime:0.000485s ]
INFO: [ view_end ] --END-- [ RunTime:0.000533s ]

[ 2013-05-04T08:53:56+08:00 ] 127.0.0.1 /
INFO: [ app_begin ] --START--
INFO: Run ReadHtmlCache Behavior [ RunTime:0.000680s ]
INFO: [ app_begin ] --END-- [ RunTime:0.000779s ]
SQL: SHOW COLUMNS FROM `think_articles` [ RunTime:0.002221s ]
SQL: SELECT * FROM `think_articles` WHERE cid=1 ORDER BY id desc LIMIT 4   [ RunTime:0.000531s ]
SQL: SELECT * FROM `think_articles` WHERE cid=2 ORDER BY id desc LIMIT 4   [ RunTime:0.000346s ]
SQL: SELECT * FROM `think_articles` WHERE id=95 LIMIT 1   [ RunTime:0.000179s ]
INFO: [ view_template ] --START--
INFO: Run LocationTemplate Behavior [ RunTime:0.001378s ]
INFO: [ view_template ] --END-- [ RunTime:0.001478s ]
INFO: [ view_parse ] --START--
NOTIC: [8] Undefined offset: 1 D:\wamp\www\crewexam\ThinkPHP\Lib\Driver\TagLib\TagLibCx.class.php 第 524 行.
NOTIC: [8] Undefined offset: 1 D:\wamp\www\crewexam\ThinkPHP\Lib\Driver\TagLib\TagLibCx.class.php 第 524 行.
NOTIC: [8] Undefined offset: 1 D:\wamp\www\crewexam\ThinkPHP\Lib\Driver\TagLib\TagLibCx.class.php 第 524 行.
NOTIC: [8] Undefined offset: 1 D:\wamp\www\crewexam\ThinkPHP\Lib\Driver\TagLib\TagLibCx.class.php 第 524 行.
NOTIC: [8] Undefined variable: pagediscription D:\wamp\www\crewexam\Home\Runtime\Cache\71191d06e3a1515d6f2539df23c89c2b.php 第 17 行.
NOTIC: [8] Undefined index: user_id D:\wamp\www\crewexam\Home\Runtime\Cache\71191d06e3a1515d6f2539df23c89c2b.php 第 50 行.
INFO: Run ParseTemplate Behavior [ RunTime:0.020885s ]
INFO: [ view_parse ] --END-- [ RunTime:0.020995s ]
INFO: [ view_filter ] --START--
INFO: Run ContentReplace Behavior [ RunTime:0.000888s ]
INFO: Run TokenBuild Behavior [ RunTime:0.000742s ]
INFO: Run WriteHtmlCache Behavior [ RunTime:0.000427s ]
INFO: Run ShowRuntime Behavior [ RunTime:0.000575s ]
INFO: [ view_filter ] --END-- [ RunTime:0.002803s ]
INFO: [ view_end ] --START--
INFO: Run ShowPageTrace Behavior [ RunTime:0.000695s ]
INFO: [ view_end ] --END-- [ RunTime:0.000747s ]

[ 2013-05-04T08:53:57+08:00 ] 127.0.0.1 /
INFO: [ app_begin ] --START--
INFO: Run ReadHtmlCache Behavior [ RunTime:0.000976s ]
INFO: [ app_begin ] --END-- [ RunTime:0.001069s ]
SQL: SHOW COLUMNS FROM `think_articles` [ RunTime:0.002129s ]
SQL: SELECT * FROM `think_articles` WHERE cid=1 ORDER BY id desc LIMIT 4   [ RunTime:0.000472s ]
SQL: SELECT * FROM `think_articles` WHERE cid=2 ORDER BY id desc LIMIT 4   [ RunTime:0.000324s ]
SQL: SELECT * FROM `think_articles` WHERE id=95 LIMIT 1   [ RunTime:0.000180s ]
INFO: [ view_template ] --START--
INFO: Run LocationTemplate Behavior [ RunTime:0.000700s ]
INFO: [ view_template ] --END-- [ RunTime:0.000764s ]
INFO: [ view_parse ] --START--
NOTIC: [8] Undefined offset: 1 D:\wamp\www\crewexam\ThinkPHP\Lib\Driver\TagLib\TagLibCx.class.php 第 524 行.
NOTIC: [8] Undefined offset: 1 D:\wamp\www\crewexam\ThinkPHP\Lib\Driver\TagLib\TagLibCx.class.php 第 524 行.
NOTIC: [8] Undefined offset: 1 D:\wamp\www\crewexam\ThinkPHP\Lib\Driver\TagLib\TagLibCx.class.php 第 524 行.
NOTIC: [8] Undefined offset: 1 D:\wamp\www\crewexam\ThinkPHP\Lib\Driver\TagLib\TagLibCx.class.php 第 524 行.
NOTIC: [8] Undefined variable: pagediscription D:\wamp\www\crewexam\Home\Runtime\Cache\71191d06e3a1515d6f2539df23c89c2b.php 第 17 行.
NOTIC: [8] Undefined index: user_id D:\wamp\www\crewexam\Home\Runtime\Cache\71191d06e3a1515d6f2539df23c89c2b.php 第 50 行.
INFO: Run ParseTemplate Behavior [ RunTime:0.017156s ]
INFO: [ view_parse ] --END-- [ RunTime:0.017227s ]
INFO: [ view_filter ] --START--
INFO: Run ContentReplace Behavior [ RunTime:0.000481s ]
INFO: Run TokenBuild Behavior [ RunTime:0.000432s ]
INFO: Run WriteHtmlCache Behavior [ RunTime:0.000265s ]
INFO: Run ShowRuntime Behavior [ RunTime:0.000419s ]
INFO: [ view_filter ] --END-- [ RunTime:0.001730s ]
INFO: [ view_end ] --START--
INFO: Run ShowPageTrace Behavior [ RunTime:0.000554s ]
INFO: [ view_end ] --END-- [ RunTime:0.000607s ]

