[ 2013-05-02T01:35:12+08:00 ] 127.0.0.1 /
INFO: [ app_begin ] --START--
INFO: Run ReadHtmlCache Behavior [ RunTime:0.000609s ]
INFO: [ app_begin ] --END-- [ RunTime:0.000686s ]
SQL: SHOW COLUMNS FROM `think_config` [ RunTime:0.001762s ]
SQL: SELECT * FROM `think_config`  [ RunTime:0.000874s ]
SQL: SHOW COLUMNS FROM `think_articles` [ RunTime:0.002000s ]
SQL: SELECT * FROM `think_articles` WHERE cid=1 ORDER BY id desc LIMIT 4   [ RunTime:0.000433s ]
SQL: SELECT * FROM `think_articles` WHERE cid=2 ORDER BY id desc LIMIT 4   [ RunTime:0.000328s ]
SQL: SELECT * FROM `think_articles` WHERE id=95 LIMIT 1   [ RunTime:0.000177s ]
INFO: [ view_template ] --START--
INFO: Run LocationTemplate Behavior [ RunTime:0.000816s ]
INFO: [ view_template ] --END-- [ RunTime:0.000891s ]
INFO: [ view_parse ] --START--
NOTIC: [8] Undefined offset: 1 D:\wamp\www\crewexam\ThinkPHP\Lib\Driver\TagLib\TagLibCx.class.php 第 524 行.
NOTIC: [8] Undefined offset: 1 D:\wamp\www\crewexam\ThinkPHP\Lib\Driver\TagLib\TagLibCx.class.php 第 524 行.
NOTIC: [8] Undefined offset: 1 D:\wamp\www\crewexam\ThinkPHP\Lib\Driver\TagLib\TagLibCx.class.php 第 524 行.
NOTIC: [8] Undefined offset: 1 D:\wamp\www\crewexam\ThinkPHP\Lib\Driver\TagLib\TagLibCx.class.php 第 524 行.
NOTIC: [8] Undefined variable: pagediscription D:\wamp\www\crewexam\Home\Runtime\Cache\71191d06e3a1515d6f2539df23c89c2b.php 第 17 行.
NOTIC: [8] Undefined index: user_id D:\wamp\www\crewexam\Home\Runtime\Cache\71191d06e3a1515d6f2539df23c89c2b.php 第 50 行.
INFO: Run ParseTemplate Behavior [ RunTime:0.016869s ]
INFO: [ view_parse ] --END-- [ RunTime:0.016933s ]
INFO: [ view_filter ] --START--
INFO: Run ContentReplace Behavior [ RunTime:0.001128s ]
INFO: Run TokenBuild Behavior [ RunTime:0.001468s ]
INFO: Run WriteHtmlCache Behavior [ RunTime:0.000448s ]
INFO: Run ShowRuntime Behavior [ RunTime:0.000533s ]
INFO: [ view_filter ] --END-- [ RunTime:0.003811s ]
INFO: [ view_end ] --START--
INFO: Run ShowPageTrace Behavior [ RunTime:0.000661s ]
INFO: [ view_end ] --END-- [ RunTime:0.000708s ]

[ 2013-05-02T01:35:14+08:00 ] 127.0.0.1 /
INFO: [ app_begin ] --START--
INFO: Run ReadHtmlCache Behavior [ RunTime:0.000438s ]
INFO: [ app_begin ] --END-- [ RunTime:0.000510s ]
SQL: SHOW COLUMNS FROM `think_articles` [ RunTime:0.001618s ]
SQL: SELECT * FROM `think_articles` WHERE cid=1 ORDER BY id desc LIMIT 4   [ RunTime:0.000382s ]
SQL: SELECT * FROM `think_articles` WHERE cid=2 ORDER BY id desc LIMIT 4   [ RunTime:0.000246s ]
SQL: SELECT * FROM `think_articles` WHERE id=95 LIMIT 1   [ RunTime:0.000140s ]
INFO: [ view_template ] --START--
INFO: Run LocationTemplate Behavior [ RunTime:0.000792s ]
INFO: [ view_template ] --END-- [ RunTime:0.000870s ]
INFO: [ view_parse ] --START--
NOTIC: [8] Undefined offset: 1 D:\wamp\www\crewexam\ThinkPHP\Lib\Driver\TagLib\TagLibCx.class.php 第 524 行.
NOTIC: [8] Undefined offset: 1 D:\wamp\www\crewexam\ThinkPHP\Lib\Driver\TagLib\TagLibCx.class.php 第 524 行.
NOTIC: [8] Undefined offset: 1 D:\wamp\www\crewexam\ThinkPHP\Lib\Driver\TagLib\TagLibCx.class.php 第 524 行.
NOTIC: [8] Undefined offset: 1 D:\wamp\www\crewexam\ThinkPHP\Lib\Driver\TagLib\TagLibCx.class.php 第 524 行.
NOTIC: [8] Undefined variable: pagediscription D:\wamp\www\crewexam\Home\Runtime\Cache\71191d06e3a1515d6f2539df23c89c2b.php 第 17 行.
NOTIC: [8] Undefined index: user_id D:\wamp\www\crewexam\Home\Runtime\Cache\71191d06e3a1515d6f2539df23c89c2b.php 第 50 行.
INFO: Run ParseTemplate Behavior [ RunTime:0.018172s ]
INFO: [ view_parse ] --END-- [ RunTime:0.018231s ]
INFO: [ view_filter ] --START--
INFO: Run ContentReplace Behavior [ RunTime:0.000543s ]
INFO: Run TokenBuild Behavior [ RunTime:0.000672s ]
INFO: Run WriteHtmlCache Behavior [ RunTime:0.000455s ]
INFO: Run ShowRuntime Behavior [ RunTime:0.000557s ]
INFO: [ view_filter ] --END-- [ RunTime:0.002414s ]
INFO: [ view_end ] --START--
INFO: Run ShowPageTrace Behavior [ RunTime:0.000574s ]
INFO: [ view_end ] --END-- [ RunTime:0.000618s ]

[ 2013-05-02T01:35:14+08:00 ] 127.0.0.1 /
INFO: [ app_begin ] --START--
INFO: Run ReadHtmlCache Behavior [ RunTime:0.000659s ]
INFO: [ app_begin ] --END-- [ RunTime:0.000767s ]
SQL: SHOW COLUMNS FROM `think_articles` [ RunTime:0.001913s ]
SQL: SELECT * FROM `think_articles` WHERE cid=1 ORDER BY id desc LIMIT 4   [ RunTime:0.000560s ]
SQL: SELECT * FROM `think_articles` WHERE cid=2 ORDER BY id desc LIMIT 4   [ RunTime:0.000302s ]
SQL: SELECT * FROM `think_articles` WHERE id=95 LIMIT 1   [ RunTime:0.000191s ]
INFO: [ view_template ] --START--
INFO: Run LocationTemplate Behavior [ RunTime:0.000788s ]
INFO: [ view_template ] --END-- [ RunTime:0.000854s ]
INFO: [ view_parse ] --START--
NOTIC: [8] Undefined offset: 1 D:\wamp\www\crewexam\ThinkPHP\Lib\Driver\TagLib\TagLibCx.class.php 第 524 行.
NOTIC: [8] Undefined offset: 1 D:\wamp\www\crewexam\ThinkPHP\Lib\Driver\TagLib\TagLibCx.class.php 第 524 行.
NOTIC: [8] Undefined offset: 1 D:\wamp\www\crewexam\ThinkPHP\Lib\Driver\TagLib\TagLibCx.class.php 第 524 行.
NOTIC: [8] Undefined offset: 1 D:\wamp\www\crewexam\ThinkPHP\Lib\Driver\TagLib\TagLibCx.class.php 第 524 行.
NOTIC: [8] Undefined variable: pagediscription D:\wamp\www\crewexam\Home\Runtime\Cache\71191d06e3a1515d6f2539df23c89c2b.php 第 17 行.
NOTIC: [8] Undefined index: user_id D:\wamp\www\crewexam\Home\Runtime\Cache\71191d06e3a1515d6f2539df23c89c2b.php 第 50 行.
INFO: Run ParseTemplate Behavior [ RunTime:0.024212s ]
INFO: [ view_parse ] --END-- [ RunTime:0.024266s ]
INFO: [ view_filter ] --START--
INFO: Run ContentReplace Behavior [ RunTime:0.000444s ]
INFO: Run TokenBuild Behavior [ RunTime:0.000549s ]
INFO: Run WriteHtmlCache Behavior [ RunTime:0.000281s ]
INFO: Run ShowRuntime Behavior [ RunTime:0.000446s ]
INFO: [ view_filter ] --END-- [ RunTime:0.001864s ]
INFO: [ view_end ] --START--
INFO: Run ShowPageTrace Behavior [ RunTime:0.000600s ]
INFO: [ view_end ] --END-- [ RunTime:0.000647s ]

[ 2013-05-02T01:35:15+08:00 ] 127.0.0.1 /
INFO: [ app_begin ] --START--
INFO: Run ReadHtmlCache Behavior [ RunTime:0.000691s ]
INFO: [ app_begin ] --END-- [ RunTime:0.000804s ]
SQL: SHOW COLUMNS FROM `think_articles` [ RunTime:0.001889s ]
SQL: SELECT * FROM `think_articles` WHERE cid=1 ORDER BY id desc LIMIT 4   [ RunTime:0.000395s ]
SQL: SELECT * FROM `think_articles` WHERE cid=2 ORDER BY id desc LIMIT 4   [ RunTime:0.000243s ]
SQL: SELECT * FROM `think_articles` WHERE id=95 LIMIT 1   [ RunTime:0.000131s ]
INFO: [ view_template ] --START--
INFO: Run LocationTemplate Behavior [ RunTime:0.000821s ]
INFO: [ view_template ] --END-- [ RunTime:0.000893s ]
INFO: [ view_parse ] --START--
NOTIC: [8] Undefined offset: 1 D:\wamp\www\crewexam\ThinkPHP\Lib\Driver\TagLib\TagLibCx.class.php 第 524 行.
NOTIC: [8] Undefined offset: 1 D:\wamp\www\crewexam\ThinkPHP\Lib\Driver\TagLib\TagLibCx.class.php 第 524 行.
NOTIC: [8] Undefined offset: 1 D:\wamp\www\crewexam\ThinkPHP\Lib\Driver\TagLib\TagLibCx.class.php 第 524 行.
NOTIC: [8] Undefined offset: 1 D:\wamp\www\crewexam\ThinkPHP\Lib\Driver\TagLib\TagLibCx.class.php 第 524 行.
NOTIC: [8] Undefined variable: pagediscription D:\wamp\www\crewexam\Home\Runtime\Cache\71191d06e3a1515d6f2539df23c89c2b.php 第 17 行.
NOTIC: [8] Undefined index: user_id D:\wamp\www\crewexam\Home\Runtime\Cache\71191d06e3a1515d6f2539df23c89c2b.php 第 50 行.
INFO: Run ParseTemplate Behavior [ RunTime:0.023808s ]
INFO: [ view_parse ] --END-- [ RunTime:0.023890s ]
INFO: [ view_filter ] --START--
INFO: Run ContentReplace Behavior [ RunTime:0.000769s ]
INFO: Run TokenBuild Behavior [ RunTime:0.001959s ]
INFO: Run WriteHtmlCache Behavior [ RunTime:0.000807s ]
INFO: Run ShowRuntime Behavior [ RunTime:0.000848s ]
INFO: [ view_filter ] --END-- [ RunTime:0.004686s ]
INFO: [ view_end ] --START--
INFO: Run ShowPageTrace Behavior [ RunTime:0.002085s ]
INFO: [ view_end ] --END-- [ RunTime:0.002181s ]

[ 2013-05-02T01:37:05+08:00 ] 127.0.0.1 /
INFO: [ app_begin ] --START--
INFO: Run ReadHtmlCache Behavior [ RunTime:0.000699s ]
INFO: [ app_begin ] --END-- [ RunTime:0.000813s ]
SQL: SHOW COLUMNS FROM `think_articles` [ RunTime:0.001733s ]
SQL: SELECT * FROM `think_articles` WHERE cid=1 ORDER BY id desc LIMIT 4   [ RunTime:0.000522s ]
SQL: SELECT * FROM `think_articles` WHERE cid=2 ORDER BY id desc LIMIT 4   [ RunTime:0.000383s ]
SQL: SELECT * FROM `think_articles` WHERE id=95 LIMIT 1   [ RunTime:0.000220s ]
INFO: [ view_template ] --START--
INFO: Run LocationTemplate Behavior [ RunTime:0.000675s ]
INFO: [ view_template ] --END-- [ RunTime:0.000734s ]
INFO: [ view_parse ] --START--
NOTIC: [8] Undefined offset: 1 D:\wamp\www\crewexam\ThinkPHP\Lib\Driver\TagLib\TagLibCx.class.php 第 524 行.
NOTIC: [8] Undefined offset: 1 D:\wamp\www\crewexam\ThinkPHP\Lib\Driver\TagLib\TagLibCx.class.php 第 524 行.
NOTIC: [8] Undefined offset: 1 D:\wamp\www\crewexam\ThinkPHP\Lib\Driver\TagLib\TagLibCx.class.php 第 524 行.
NOTIC: [8] Undefined offset: 1 D:\wamp\www\crewexam\ThinkPHP\Lib\Driver\TagLib\TagLibCx.class.php 第 524 行.
NOTIC: [8] Undefined variable: pagediscription D:\wamp\www\crewexam\Home\Runtime\Cache\71191d06e3a1515d6f2539df23c89c2b.php 第 17 行.
NOTIC: [8] Undefined index: user_id D:\wamp\www\crewexam\Home\Runtime\Cache\71191d06e3a1515d6f2539df23c89c2b.php 第 50 行.
INFO: Run ParseTemplate Behavior [ RunTime:0.021446s ]
INFO: [ view_parse ] --END-- [ RunTime:0.021569s ]
INFO: [ view_filter ] --START--
INFO: Run ContentReplace Behavior [ RunTime:0.000547s ]
INFO: Run TokenBuild Behavior [ RunTime:0.000435s ]
INFO: Run WriteHtmlCache Behavior [ RunTime:0.000247s ]
INFO: Run ShowRuntime Behavior [ RunTime:0.000425s ]
INFO: [ view_filter ] --END-- [ RunTime:0.001800s ]
INFO: [ view_end ] --START--
INFO: Run ShowPageTrace Behavior [ RunTime:0.000495s ]
INFO: [ view_end ] --END-- [ RunTime:0.000538s ]

[ 2013-05-02T01:37:29+08:00 ] 127.0.0.1 /
INFO: [ app_begin ] --START--
INFO: Run ReadHtmlCache Behavior [ RunTime:0.000588s ]
INFO: [ app_begin ] --END-- [ RunTime:0.000669s ]
SQL: SHOW COLUMNS FROM `think_articles` [ RunTime:0.002262s ]
SQL: SELECT * FROM `think_articles` WHERE cid=1 ORDER BY id desc LIMIT 4   [ RunTime:0.000457s ]
SQL: SELECT * FROM `think_articles` WHERE cid=2 ORDER BY id desc LIMIT 4   [ RunTime:0.000492s ]
SQL: SELECT * FROM `think_articles` WHERE id=95 LIMIT 1   [ RunTime:0.002798s ]
INFO: [ view_template ] --START--
INFO: Run LocationTemplate Behavior [ RunTime:0.001197s ]
INFO: [ view_template ] --END-- [ RunTime:0.001280s ]
INFO: [ view_parse ] --START--
NOTIC: [8] Undefined offset: 1 D:\wamp\www\crewexam\ThinkPHP\Lib\Driver\TagLib\TagLibCx.class.php 第 524 行.
NOTIC: [8] Undefined offset: 1 D:\wamp\www\crewexam\ThinkPHP\Lib\Driver\TagLib\TagLibCx.class.php 第 524 行.
NOTIC: [8] Undefined offset: 1 D:\wamp\www\crewexam\ThinkPHP\Lib\Driver\TagLib\TagLibCx.class.php 第 524 行.
NOTIC: [8] Undefined offset: 1 D:\wamp\www\crewexam\ThinkPHP\Lib\Driver\TagLib\TagLibCx.class.php 第 524 行.
NOTIC: [8] Undefined variable: pagediscription D:\wamp\www\crewexam\Home\Runtime\Cache\71191d06e3a1515d6f2539df23c89c2b.php 第 17 行.
NOTIC: [8] Undefined index: user_id D:\wamp\www\crewexam\Home\Runtime\Cache\71191d06e3a1515d6f2539df23c89c2b.php 第 50 行.
INFO: Run ParseTemplate Behavior [ RunTime:0.019273s ]
INFO: [ view_parse ] --END-- [ RunTime:0.019351s ]
INFO: [ view_filter ] --START--
INFO: Run ContentReplace Behavior [ RunTime:0.000570s ]
INFO: Run TokenBuild Behavior [ RunTime:0.000495s ]
INFO: Run WriteHtmlCache Behavior [ RunTime:0.000318s ]
INFO: Run ShowRuntime Behavior [ RunTime:0.000452s ]
INFO: [ view_filter ] --END-- [ RunTime:0.001982s ]
INFO: [ view_end ] --START--
INFO: Run ShowPageTrace Behavior [ RunTime:0.000626s ]
INFO: [ view_end ] --END-- [ RunTime:0.000680s ]

[ 2013-05-02T01:38:13+08:00 ] 127.0.0.1 /
INFO: [ app_begin ] --START--
INFO: Run ReadHtmlCache Behavior [ RunTime:0.000467s ]
INFO: [ app_begin ] --END-- [ RunTime:0.000556s ]
SQL: SHOW COLUMNS FROM `think_articles` [ RunTime:0.001661s ]
SQL: SELECT * FROM `think_articles` WHERE cid=1 ORDER BY id desc LIMIT 4   [ RunTime:0.000560s ]
SQL: SELECT * FROM `think_articles` WHERE cid=2 ORDER BY id desc LIMIT 4   [ RunTime:0.000322s ]
SQL: SELECT * FROM `think_articles` WHERE id=95 LIMIT 1   [ RunTime:0.000161s ]
INFO: [ view_template ] --START--
INFO: Run LocationTemplate Behavior [ RunTime:0.000430s ]
INFO: [ view_template ] --END-- [ RunTime:0.000485s ]
INFO: [ view_parse ] --START--
NOTIC: [8] Undefined offset: 1 D:\wamp\www\crewexam\ThinkPHP\Lib\Driver\TagLib\TagLibCx.class.php 第 524 行.
NOTIC: [8] Undefined offset: 1 D:\wamp\www\crewexam\ThinkPHP\Lib\Driver\TagLib\TagLibCx.class.php 第 524 行.
NOTIC: [8] Undefined offset: 1 D:\wamp\www\crewexam\ThinkPHP\Lib\Driver\TagLib\TagLibCx.class.php 第 524 行.
NOTIC: [8] Undefined offset: 1 D:\wamp\www\crewexam\ThinkPHP\Lib\Driver\TagLib\TagLibCx.class.php 第 524 行.
NOTIC: [8] Undefined variable: pagediscription D:\wamp\www\crewexam\Home\Runtime\Cache\71191d06e3a1515d6f2539df23c89c2b.php 第 17 行.
NOTIC: [8] Undefined index: user_id D:\wamp\www\crewexam\Home\Runtime\Cache\71191d06e3a1515d6f2539df23c89c2b.php 第 50 行.
INFO: Run ParseTemplate Behavior [ RunTime:0.019647s ]
INFO: [ view_parse ] --END-- [ RunTime:0.019724s ]
INFO: [ view_filter ] --START--
INFO: Run ContentReplace Behavior [ RunTime:0.000437s ]
INFO: Run TokenBuild Behavior [ RunTime:0.000362s ]
INFO: Run WriteHtmlCache Behavior [ RunTime:0.000201s ]
INFO: Run ShowRuntime Behavior [ RunTime:0.000394s ]
INFO: [ view_filter ] --END-- [ RunTime:0.001535s ]
INFO: [ view_end ] --START--
INFO: Run ShowPageTrace Behavior [ RunTime:0.000537s ]
INFO: [ view_end ] --END-- [ RunTime:0.000601s ]

